<?xml version="1.0" encoding="UTF-8"?>
<robot generator="Robot 7.0.1 (Python 3.12.4 on darwin)" generated="2024-12-19T22:30:59.613726" rpa="false" schemaversion="5">
<suite id="s1" name="Tests" source="/Users/francilenesilva/Documents/tester/QAx/projects/smartbit-robot/tests">
<suite id="s1-s1" name="Login" source="/Users/francilenesilva/Documents/tester/QAx/projects/smartbit-robot/tests/login.robot">
<test id="s1-s1-t1" name="Deve logar como Gestor de Academia" line="9">
<kw name="Start session" owner="Base" type="SETUP">
<kw name="New Browser" owner="Browser">
<msg time="2024-12-19T22:31:01.207501" level="INFO">{"browser": "chromium", "headless": false, "chromiumSandbox": false, "devtools": false, "handleSIGHUP": true, "handleSIGINT": true, "handleSIGTERM": true, "slowMo": 0.0, "timeout": 30000.0, "tracesDir": "/Users/francilenesilva/Documents/tester/QAx/projects/smartbit-robot/logs/browser/traces/0e8d14b0-d7e6-4787-b70a-b287b5c56273"}</msg>
<msg time="2024-12-19T22:31:05.385018" level="INFO">Successfully created browser with options: {"browser":"chromium","headless":false,"chromiumSandbox":false,"devtools":false,"handleSIGHUP":true,"handleSIGINT":true,"handleSIGTERM":true,"slowMo":0,"timeout":30000,"tracesDir":"/Users/francilenesilva/Documents/tester/QAx/projects/smartbit-robot/logs/browser/traces/0e8d14b0-d7e6-4787-b70a-b287b5c56273"}</msg>
<arg>browser=chromium</arg>
<arg>headless=False</arg>
<tag>BrowserControl</tag>
<tag>Setter</tag>
<doc>Create a new playwright Browser with specified options.</doc>
<status status="PASS" start="2024-12-19T22:31:01.206687" elapsed="4.178529"/>
</kw>
<kw name="New Page" owner="Browser">
<msg time="2024-12-19T22:31:06.784843" level="INFO">Successfully initialized new page object and opened url: http://localhost:3000/</msg>
<msg time="2024-12-19T22:31:06.784901" level="INFO">No context was open. New context was automatically opened when this page is created.</msg>
<arg>${BASE_URL}</arg>
<tag>BrowserControl</tag>
<tag>Setter</tag>
<doc>Open a new Page.</doc>
<status status="PASS" start="2024-12-19T22:31:05.385503" elapsed="1.399473"/>
</kw>
<status status="PASS" start="2024-12-19T22:31:01.206017" elapsed="5.579044"/>
</kw>
<kw name="Go to login page" owner="Login">
<kw name="Go To" owner="Browser">
<msg time="2024-12-19T22:31:06.818232" level="INFO">Successfully opened URL http://localhost:3000/login</msg>
<arg>http://localhost:3000/login</arg>
<tag>BrowserControl</tag>
<tag>Setter</tag>
<doc>Navigates to the given ``url``.</doc>
<status status="PASS" start="2024-12-19T22:31:06.785522" elapsed="0.032801"/>
</kw>
<status status="PASS" start="2024-12-19T22:31:06.785242" elapsed="0.033154"/>
</kw>
<kw name="Submit login form" owner="Login">
<kw name="Fill Text" owner="Browser">
<msg time="2024-12-19T22:31:06.818963" level="INFO">Fills the text 'sac@smartbit.com' in the given field.</msg>
<arg>css=input[name=email]</arg>
<arg>${email}</arg>
<tag>PageContent</tag>
<tag>Setter</tag>
<doc>Clears and fills the given ``txt`` into the text field found by ``selector``.</doc>
<status status="PASS" start="2024-12-19T22:31:06.818727" elapsed="0.019716"/>
</kw>
<kw name="Fill Text" owner="Browser">
<msg time="2024-12-19T22:31:06.838850" level="INFO">Fills the text 'pwd123' in the given field.</msg>
<arg>css=input[type=password]</arg>
<arg>${senha}</arg>
<tag>PageContent</tag>
<tag>Setter</tag>
<doc>Clears and fills the given ``txt`` into the text field found by ``selector``.</doc>
<status status="PASS" start="2024-12-19T22:31:06.838576" elapsed="0.006606"/>
</kw>
<kw name="Click" owner="Browser">
<msg time="2024-12-19T22:31:06.845527" level="INFO">Clicks the element 'css=button[type=submit]'.</msg>
<arg>css=button[type=submit]</arg>
<tag>PageContent</tag>
<tag>Setter</tag>
<doc>Simulates mouse click on the element found by ``selector``.</doc>
<status status="PASS" start="2024-12-19T22:31:06.845301" elapsed="0.255111"/>
</kw>
<arg>sac@smartbit.com</arg>
<arg>pwd123</arg>
<status status="PASS" start="2024-12-19T22:31:06.818554" elapsed="0.281982"/>
</kw>
<kw name="User is logged in" owner="navbar">
<kw name="Set Variable" owner="BuiltIn">
<msg time="2024-12-19T22:31:07.100991" level="INFO">${element} = css=.logged-user</msg>
<var>${element}</var>
<arg>css=.logged-user</arg>
<doc>Returns the given values which can then be assigned to a variables.</doc>
<status status="PASS" start="2024-12-19T22:31:07.100905" elapsed="0.000099"/>
</kw>
<kw name="Wait For Elements State" owner="Browser">
<msg time="2024-12-19T22:31:12.173524" level="INFO" html="true">&lt;/td&gt;&lt;/tr&gt;&lt;tr&gt;&lt;td colspan="3"&gt;&lt;a href="browser/screenshot/fail-screenshot-1.png" target="_blank"&gt;&lt;img src="browser/screenshot/fail-screenshot-1.png" width="800px"/&gt;&lt;/a&gt;</msg>
<msg time="2024-12-19T22:31:12.173617" level="INFO">See also file:///Users/francilenesilva/Documents/tester/QAx/projects/smartbit-robot/logs/playwright-log.txt for additional details.</msg>
<msg time="2024-12-19T22:31:12.173751" level="FAIL">TimeoutError: locator.waitFor: Timeout 5000ms exceeded.
Call log:
  [2m- waiting for locator('.logged-user') to be visible[22m

Tip: Use "Set Browser Timeout" for increasing the timeout or double check your locator as the targeted element(s) couldn't be found.</msg>
<arg>${element}</arg>
<arg>visible</arg>
<arg>5</arg>
<tag>PageContent</tag>
<tag>Wait</tag>
<doc>Waits for the element found by ``selector`` to satisfy state option.</doc>
<status status="FAIL" start="2024-12-19T22:31:07.101125" elapsed="5.076635">TimeoutError: locator.waitFor: Timeout 5000ms exceeded.
Call log:
  [2m- waiting for locator('.logged-user') to be visible[22m

Tip: Use "Set Browser Timeout" for increasing the timeout or double check your locator as the targeted element(s) couldn't be found.</status>
</kw>
<kw name="Get Text" owner="Browser">
<arg>${element}</arg>
<arg>equal</arg>
<arg>${email}</arg>
<tag>Assertion</tag>
<tag>Getter</tag>
<tag>PageContent</tag>
<doc>Returns text attribute of the element found by ``selector``.</doc>
<status status="NOT RUN" start="2024-12-19T22:31:12.177934" elapsed="0.000027"/>
</kw>
<arg>sac@smartbit.com</arg>
<status status="FAIL" start="2024-12-19T22:31:07.100711" elapsed="5.077343">TimeoutError: locator.waitFor: Timeout 5000ms exceeded.
Call log:
  [2m- waiting for locator('.logged-user') to be visible[22m

Tip: Use "Set Browser Timeout" for increasing the timeout or double check your locator as the targeted element(s) couldn't be found.</status>
</kw>
<kw name="Take Screenshot" owner="Browser" type="TEARDOWN">
<msg time="2024-12-19T22:31:12.252824" level="INFO" html="true">&lt;/td&gt;&lt;/tr&gt;&lt;tr&gt;&lt;td colspan="3"&gt;&lt;a href="browser/screenshot/robotframework-browser-screenshot-1.png" target="_blank"&gt;&lt;img src="browser/screenshot/robotframework-browser-screenshot-1.png" width="800px"/&gt;&lt;/a&gt;</msg>
<tag>PageContent</tag>
<doc>Takes a screenshot of the current window or element and saves it to disk.</doc>
<status status="PASS" start="2024-12-19T22:31:12.178242" elapsed="0.074667"/>
</kw>
<status status="FAIL" start="2024-12-19T22:31:01.203177" elapsed="11.049837">TimeoutError: locator.waitFor: Timeout 5000ms exceeded.
Call log:
  [2m- waiting for locator('.logged-user') to be visible[22m

Tip: Use "Set Browser Timeout" for increasing the timeout or double check your locator as the targeted element(s) couldn't be found.</status>
</test>
<test id="s1-s1-t2" name="Não deve logar com email inválido" line="16">
<kw name="Start session" owner="Base" type="SETUP">
<kw name="New Browser" owner="Browser">
<msg time="2024-12-19T22:31:12.308735" level="INFO">Switching browser to browser=272750ac-62a5-43d5-b82c-6e6237a299c0</msg>
<msg time="2024-12-19T22:31:12.309641" level="INFO">Successfully changed active browser: browser=272750ac-62a5-43d5-b82c-6e6237a299c0</msg>
<msg time="2024-12-19T22:31:12.309677" level="INFO">Reusing existing browser with id: browser=272750ac-62a5-43d5-b82c-6e6237a299c0</msg>
<arg>browser=chromium</arg>
<arg>headless=False</arg>
<tag>BrowserControl</tag>
<tag>Setter</tag>
<doc>Create a new playwright Browser with specified options.</doc>
<status status="PASS" start="2024-12-19T22:31:12.308363" elapsed="0.001341"/>
</kw>
<kw name="New Page" owner="Browser">
<msg time="2024-12-19T22:31:12.864577" level="INFO">Successfully initialized new page object and opened url: http://localhost:3000/</msg>
<msg time="2024-12-19T22:31:12.864639" level="INFO">No context was open. New context was automatically opened when this page is created.</msg>
<arg>${BASE_URL}</arg>
<tag>BrowserControl</tag>
<tag>Setter</tag>
<doc>Open a new Page.</doc>
<status status="PASS" start="2024-12-19T22:31:12.309839" elapsed="0.554895"/>
</kw>
<status status="PASS" start="2024-12-19T22:31:12.308152" elapsed="0.556677"/>
</kw>
<kw name="Go to login page" owner="Login">
<kw name="Go To" owner="Browser">
<msg time="2024-12-19T22:31:12.905139" level="INFO">Successfully opened URL http://localhost:3000/login</msg>
<arg>http://localhost:3000/login</arg>
<tag>BrowserControl</tag>
<tag>Setter</tag>
<doc>Navigates to the given ``url``.</doc>
<status status="PASS" start="2024-12-19T22:31:12.865300" elapsed="0.039922"/>
</kw>
<status status="PASS" start="2024-12-19T22:31:12.865063" elapsed="0.040226"/>
</kw>
<kw name="Submit login form" owner="Login">
<kw name="Fill Text" owner="Browser">
<msg time="2024-12-19T22:31:12.905853" level="INFO">Fills the text 'sac@smatbiat.com' in the given field.</msg>
<arg>css=input[name=email]</arg>
<arg>${email}</arg>
<tag>PageContent</tag>
<tag>Setter</tag>
<doc>Clears and fills the given ``txt`` into the text field found by ``selector``.</doc>
<status status="PASS" start="2024-12-19T22:31:12.905623" elapsed="0.016411"/>
</kw>
<kw name="Fill Text" owner="Browser">
<msg time="2024-12-19T22:31:12.922483" level="INFO">Fills the text 'pwd123' in the given field.</msg>
<arg>css=input[type=password]</arg>
<arg>${senha}</arg>
<tag>PageContent</tag>
<tag>Setter</tag>
<doc>Clears and fills the given ``txt`` into the text field found by ``selector``.</doc>
<status status="PASS" start="2024-12-19T22:31:12.922188" elapsed="0.033295"/>
</kw>
<kw name="Click" owner="Browser">
<msg time="2024-12-19T22:31:12.955864" level="INFO">Clicks the element 'css=button[type=submit]'.</msg>
<arg>css=button[type=submit]</arg>
<tag>PageContent</tag>
<tag>Setter</tag>
<doc>Simulates mouse click on the element found by ``selector``.</doc>
<status status="PASS" start="2024-12-19T22:31:12.955623" elapsed="0.027076"/>
</kw>
<arg>sac@smatbiat.com</arg>
<arg>pwd123</arg>
<status status="PASS" start="2024-12-19T22:31:12.905434" elapsed="0.077346"/>
</kw>
<kw name="Toast should be" owner="Toast">
<kw name="Set Variable" owner="BuiltIn">
<msg time="2024-12-19T22:31:12.983211" level="INFO">${selector} = .Toastify__toast-body</msg>
<var>${selector}</var>
<arg>.Toastify__toast-body</arg>
<doc>Returns the given values which can then be assigned to a variables.</doc>
<status status="PASS" start="2024-12-19T22:31:12.983139" elapsed="0.000085"/>
</kw>
<kw name="Wait For Elements State" owner="Browser">
<msg time="2024-12-19T22:31:14.284135" level="INFO">Waited for Element with selector css=.Toastify__toast-body at state visible</msg>
<arg>css=${selector}</arg>
<arg>visible</arg>
<arg>5</arg>
<tag>PageContent</tag>
<tag>Wait</tag>
<doc>Waits for the element found by ``selector`` to satisfy state option.</doc>
<status status="PASS" start="2024-12-19T22:31:12.983286" elapsed="1.301056"/>
</kw>
<kw name="Get Text" owner="Browser">
<msg time="2024-12-19T22:31:14.306338" level="INFO">Text: 'As credenciais de acesso fornecidas são inválidas. Tente novamente!'</msg>
<arg>css=${selector}</arg>
<arg>equal</arg>
<arg>${expected_text}</arg>
<tag>Assertion</tag>
<tag>Getter</tag>
<tag>PageContent</tag>
<doc>Returns text attribute of the element found by ``selector``.</doc>
<status status="PASS" start="2024-12-19T22:31:14.284661" elapsed="0.021792"/>
</kw>
<kw name="Take Screenshot" owner="Browser">
<msg time="2024-12-19T22:31:15.271470" level="INFO" html="true">&lt;/td&gt;&lt;/tr&gt;&lt;tr&gt;&lt;td colspan="3"&gt;&lt;a href="browser/screenshot/robotframework-browser-screenshot-2.png" target="_blank"&gt;&lt;img src="browser/screenshot/robotframework-browser-screenshot-2.png" width="800px"/&gt;&lt;/a&gt;</msg>
<arg>selector=${selector}</arg>
<tag>PageContent</tag>
<doc>Takes a screenshot of the current window or element and saves it to disk.</doc>
<status status="PASS" start="2024-12-19T22:31:14.306644" elapsed="0.964980"/>
</kw>
<arg>As credenciais de acesso fornecidas são inválidas. Tente novamente!</arg>
<status status="PASS" start="2024-12-19T22:31:12.982955" elapsed="2.288771"/>
</kw>
<kw name="Take Screenshot" owner="Browser" type="TEARDOWN">
<msg time="2024-12-19T22:31:15.400929" level="INFO" html="true">&lt;/td&gt;&lt;/tr&gt;&lt;tr&gt;&lt;td colspan="3"&gt;&lt;a href="browser/screenshot/robotframework-browser-screenshot-3.png" target="_blank"&gt;&lt;img src="browser/screenshot/robotframework-browser-screenshot-3.png" width="800px"/&gt;&lt;/a&gt;</msg>
<tag>PageContent</tag>
<doc>Takes a screenshot of the current window or element and saves it to disk.</doc>
<status status="PASS" start="2024-12-19T22:31:15.272094" elapsed="0.128925"/>
</kw>
<tag>inv_email</tag>
<status status="PASS" start="2024-12-19T22:31:12.306930" elapsed="3.094183"/>
</test>
<test id="s1-s1-t3" name="Não deve logar com usuário não cadastrado" line="22">
<kw name="Start session" owner="Base" type="SETUP">
<kw name="New Browser" owner="Browser">
<msg time="2024-12-19T22:31:15.432975" level="INFO">Switching browser to browser=272750ac-62a5-43d5-b82c-6e6237a299c0</msg>
<msg time="2024-12-19T22:31:15.433774" level="INFO">Successfully changed active browser: browser=272750ac-62a5-43d5-b82c-6e6237a299c0</msg>
<msg time="2024-12-19T22:31:15.433801" level="INFO">Reusing existing browser with id: browser=272750ac-62a5-43d5-b82c-6e6237a299c0</msg>
<arg>browser=chromium</arg>
<arg>headless=False</arg>
<tag>BrowserControl</tag>
<tag>Setter</tag>
<doc>Create a new playwright Browser with specified options.</doc>
<status status="PASS" start="2024-12-19T22:31:15.432738" elapsed="0.001084"/>
</kw>
<kw name="New Page" owner="Browser">
<msg time="2024-12-19T22:31:16.036830" level="INFO">Successfully initialized new page object and opened url: http://localhost:3000/</msg>
<msg time="2024-12-19T22:31:16.036965" level="INFO">No context was open. New context was automatically opened when this page is created.</msg>
<arg>${BASE_URL}</arg>
<tag>BrowserControl</tag>
<tag>Setter</tag>
<doc>Open a new Page.</doc>
<status status="PASS" start="2024-12-19T22:31:15.433894" elapsed="0.603349"/>
</kw>
<status status="PASS" start="2024-12-19T22:31:15.432594" elapsed="0.604870"/>
</kw>
<kw name="Go to login page" owner="Login">
<kw name="Go To" owner="Browser">
<msg time="2024-12-19T22:31:16.086568" level="INFO">Successfully opened URL http://localhost:3000/login</msg>
<arg>http://localhost:3000/login</arg>
<tag>BrowserControl</tag>
<tag>Setter</tag>
<doc>Navigates to the given ``url``.</doc>
<status status="PASS" start="2024-12-19T22:31:16.038459" elapsed="0.048298"/>
</kw>
<status status="PASS" start="2024-12-19T22:31:16.037985" elapsed="0.048889"/>
</kw>
<kw name="Submit login form" owner="Login">
<kw name="Fill Text" owner="Browser">
<msg time="2024-12-19T22:31:16.087682" level="INFO">Fills the text 'teste@smartbit.com' in the given field.</msg>
<arg>css=input[name=email]</arg>
<arg>${email}</arg>
<tag>PageContent</tag>
<tag>Setter</tag>
<doc>Clears and fills the given ``txt`` into the text field found by ``selector``.</doc>
<status status="PASS" start="2024-12-19T22:31:16.087381" elapsed="0.017050"/>
</kw>
<kw name="Fill Text" owner="Browser">
<msg time="2024-12-19T22:31:16.104866" level="INFO">Fills the text 'abc123' in the given field.</msg>
<arg>css=input[type=password]</arg>
<arg>${senha}</arg>
<tag>PageContent</tag>
<tag>Setter</tag>
<doc>Clears and fills the given ``txt`` into the text field found by ``selector``.</doc>
<status status="PASS" start="2024-12-19T22:31:16.104578" elapsed="0.033054"/>
</kw>
<kw name="Click" owner="Browser">
<msg time="2024-12-19T22:31:16.138006" level="INFO">Clicks the element 'css=button[type=submit]'.</msg>
<arg>css=button[type=submit]</arg>
<tag>PageContent</tag>
<tag>Setter</tag>
<doc>Simulates mouse click on the element found by ``selector``.</doc>
<status status="PASS" start="2024-12-19T22:31:16.137777" elapsed="0.029024"/>
</kw>
<arg>teste@smartbit.com</arg>
<arg>abc123</arg>
<status status="PASS" start="2024-12-19T22:31:16.087118" elapsed="0.079830"/>
</kw>
<kw name="Toast should be" owner="Toast">
<kw name="Set Variable" owner="BuiltIn">
<msg time="2024-12-19T22:31:16.167482" level="INFO">${selector} = .Toastify__toast-body</msg>
<var>${selector}</var>
<arg>.Toastify__toast-body</arg>
<doc>Returns the given values which can then be assigned to a variables.</doc>
<status status="PASS" start="2024-12-19T22:31:16.167383" elapsed="0.000115"/>
</kw>
<kw name="Wait For Elements State" owner="Browser">
<msg time="2024-12-19T22:31:17.464393" level="INFO">Waited for Element with selector css=.Toastify__toast-body at state visible</msg>
<arg>css=${selector}</arg>
<arg>visible</arg>
<arg>5</arg>
<tag>PageContent</tag>
<tag>Wait</tag>
<doc>Waits for the element found by ``selector`` to satisfy state option.</doc>
<status status="PASS" start="2024-12-19T22:31:16.167573" elapsed="1.297087"/>
</kw>
<kw name="Get Text" owner="Browser">
<msg time="2024-12-19T22:31:17.481844" level="INFO">Text: 'As credenciais de acesso fornecidas são inválidas. Tente novamente!'</msg>
<arg>css=${selector}</arg>
<arg>equal</arg>
<arg>${expected_text}</arg>
<tag>Assertion</tag>
<tag>Getter</tag>
<tag>PageContent</tag>
<doc>Returns text attribute of the element found by ``selector``.</doc>
<status status="PASS" start="2024-12-19T22:31:17.464988" elapsed="0.016968"/>
</kw>
<kw name="Take Screenshot" owner="Browser">
<msg time="2024-12-19T22:31:18.434112" level="INFO" html="true">&lt;/td&gt;&lt;/tr&gt;&lt;tr&gt;&lt;td colspan="3"&gt;&lt;a href="browser/screenshot/robotframework-browser-screenshot-4.png" target="_blank"&gt;&lt;img src="browser/screenshot/robotframework-browser-screenshot-4.png" width="800px"/&gt;&lt;/a&gt;</msg>
<arg>selector=${selector}</arg>
<tag>PageContent</tag>
<doc>Takes a screenshot of the current window or element and saves it to disk.</doc>
<status status="PASS" start="2024-12-19T22:31:17.482182" elapsed="0.952099"/>
</kw>
<arg>As credenciais de acesso fornecidas são inválidas. Tente novamente!</arg>
<status status="PASS" start="2024-12-19T22:31:16.167114" elapsed="2.267299"/>
</kw>
<kw name="Take Screenshot" owner="Browser" type="TEARDOWN">
<msg time="2024-12-19T22:31:18.488287" level="INFO" html="true">&lt;/td&gt;&lt;/tr&gt;&lt;tr&gt;&lt;td colspan="3"&gt;&lt;a href="browser/screenshot/robotframework-browser-screenshot-5.png" target="_blank"&gt;&lt;img src="browser/screenshot/robotframework-browser-screenshot-5.png" width="800px"/&gt;&lt;/a&gt;</msg>
<tag>PageContent</tag>
<doc>Takes a screenshot of the current window or element and saves it to disk.</doc>
<status status="PASS" start="2024-12-19T22:31:18.434774" elapsed="0.053641"/>
</kw>
<tag>inv_user</tag>
<status status="PASS" start="2024-12-19T22:31:15.431520" elapsed="3.057046"/>
</test>
<test id="s1-s1-t4" name="Tentativa de login com dados incorretos" line="28">
<kw name="Start session" owner="Base" type="SETUP">
<kw name="New Browser" owner="Browser">
<msg time="2024-12-19T22:31:18.548013" level="INFO">Switching browser to browser=272750ac-62a5-43d5-b82c-6e6237a299c0</msg>
<msg time="2024-12-19T22:31:18.548899" level="INFO">Successfully changed active browser: browser=272750ac-62a5-43d5-b82c-6e6237a299c0</msg>
<msg time="2024-12-19T22:31:18.548935" level="INFO">Reusing existing browser with id: browser=272750ac-62a5-43d5-b82c-6e6237a299c0</msg>
<arg>browser=chromium</arg>
<arg>headless=False</arg>
<tag>BrowserControl</tag>
<tag>Setter</tag>
<doc>Create a new playwright Browser with specified options.</doc>
<status status="PASS" start="2024-12-19T22:31:18.547688" elapsed="0.001273"/>
</kw>
<kw name="New Page" owner="Browser">
<msg time="2024-12-19T22:31:19.113209" level="INFO">Successfully initialized new page object and opened url: http://localhost:3000/</msg>
<msg time="2024-12-19T22:31:19.113263" level="INFO">No context was open. New context was automatically opened when this page is created.</msg>
<arg>${BASE_URL}</arg>
<tag>BrowserControl</tag>
<tag>Setter</tag>
<doc>Open a new Page.</doc>
<status status="PASS" start="2024-12-19T22:31:18.549049" elapsed="0.564297"/>
</kw>
<status status="PASS" start="2024-12-19T22:31:18.547466" elapsed="0.566024"/>
</kw>
<kw name="Login with verify notice">
<kw name="Go to login page" owner="Login">
<kw name="Go To" owner="Browser">
<msg time="2024-12-19T22:31:19.150460" level="INFO">Successfully opened URL http://localhost:3000/login</msg>
<arg>http://localhost:3000/login</arg>
<tag>BrowserControl</tag>
<tag>Setter</tag>
<doc>Navigates to the given ``url``.</doc>
<status status="PASS" start="2024-12-19T22:31:19.114581" elapsed="0.036019"/>
</kw>
<status status="PASS" start="2024-12-19T22:31:19.114431" elapsed="0.036240"/>
</kw>
<kw name="Submit login form" owner="Login">
<kw name="Fill Text" owner="Browser">
<msg time="2024-12-19T22:31:19.151171" level="INFO">Fills the text '' in the given field.</msg>
<arg>css=input[name=email]</arg>
<arg>${email}</arg>
<tag>PageContent</tag>
<tag>Setter</tag>
<doc>Clears and fills the given ``txt`` into the text field found by ``selector``.</doc>
<status status="PASS" start="2024-12-19T22:31:19.150958" elapsed="0.015865"/>
</kw>
<kw name="Fill Text" owner="Browser">
<msg time="2024-12-19T22:31:19.167264" level="INFO">Fills the text '' in the given field.</msg>
<arg>css=input[type=password]</arg>
<arg>${senha}</arg>
<tag>PageContent</tag>
<tag>Setter</tag>
<doc>Clears and fills the given ``txt`` into the text field found by ``selector``.</doc>
<status status="PASS" start="2024-12-19T22:31:19.167002" elapsed="0.005235"/>
</kw>
<kw name="Click" owner="Browser">
<msg time="2024-12-19T22:31:19.172579" level="INFO">Clicks the element 'css=button[type=submit]'.</msg>
<arg>css=button[type=submit]</arg>
<tag>PageContent</tag>
<tag>Setter</tag>
<doc>Simulates mouse click on the element found by ``selector``.</doc>
<status status="PASS" start="2024-12-19T22:31:19.172356" elapsed="0.027075"/>
</kw>
<arg>${email}</arg>
<arg>${password}</arg>
<status status="PASS" start="2024-12-19T22:31:19.150777" elapsed="0.048739"/>
</kw>
<kw name="Notice should be" owner="BoxNotice">
<kw name="Set Variable" owner="BuiltIn">
<msg time="2024-12-19T22:31:19.199875" level="INFO">${element} = css=form .notice</msg>
<var>${element}</var>
<arg>css=form .notice</arg>
<doc>Returns the given values which can then be assigned to a variables.</doc>
<status status="PASS" start="2024-12-19T22:31:19.199807" elapsed="0.000082"/>
</kw>
<kw name="Wait For Elements State" owner="Browser">
<msg time="2024-12-19T22:31:19.998038" level="INFO">Waited for Element with selector css=form .notice at state visible</msg>
<arg>${element}</arg>
<arg>visible</arg>
<arg>5</arg>
<tag>PageContent</tag>
<tag>Wait</tag>
<doc>Waits for the element found by ``selector`` to satisfy state option.</doc>
<status status="PASS" start="2024-12-19T22:31:19.199949" elapsed="0.798298"/>
</kw>
<kw name="Get Text" owner="Browser">
<msg time="2024-12-19T22:31:20.016964" level="INFO">Text: 'Os campos email e senha são obrigatórios.'</msg>
<arg>${element}</arg>
<arg>equal</arg>
<arg>${target}</arg>
<tag>Assertion</tag>
<tag>Getter</tag>
<tag>PageContent</tag>
<doc>Returns text attribute of the element found by ``selector``.</doc>
<status status="PASS" start="2024-12-19T22:31:19.998530" elapsed="0.018507"/>
</kw>
<kw name="Take Screenshot" owner="Browser">
<msg time="2024-12-19T22:31:20.066670" level="INFO" html="true">&lt;/td&gt;&lt;/tr&gt;&lt;tr&gt;&lt;td colspan="3"&gt;&lt;a href="browser/screenshot/robotframework-browser-screenshot-6.png" target="_blank"&gt;&lt;img src="browser/screenshot/robotframework-browser-screenshot-6.png" width="800px"/&gt;&lt;/a&gt;</msg>
<tag>PageContent</tag>
<doc>Takes a screenshot of the current window or element and saves it to disk.</doc>
<status status="PASS" start="2024-12-19T22:31:20.017193" elapsed="0.049595"/>
</kw>
<arg>${output_message}</arg>
<status status="PASS" start="2024-12-19T22:31:19.199632" elapsed="0.867225"/>
</kw>
<arg>${EMPTY}</arg>
<arg>${EMPTY}</arg>
<arg>Os campos email e senha são obrigatórios.</arg>
<status status="PASS" start="2024-12-19T22:31:19.113752" elapsed="0.953320"/>
</kw>
<kw name="Login with verify notice">
<kw name="Go to login page" owner="Login">
<kw name="Go To" owner="Browser">
<msg time="2024-12-19T22:31:20.093858" level="INFO">Successfully opened URL http://localhost:3000/login</msg>
<arg>http://localhost:3000/login</arg>
<tag>BrowserControl</tag>
<tag>Setter</tag>
<doc>Navigates to the given ``url``.</doc>
<status status="PASS" start="2024-12-19T22:31:20.067703" elapsed="0.026235"/>
</kw>
<status status="PASS" start="2024-12-19T22:31:20.067595" elapsed="0.026400"/>
</kw>
<kw name="Submit login form" owner="Login">
<kw name="Fill Text" owner="Browser">
<msg time="2024-12-19T22:31:20.094478" level="INFO">Fills the text '' in the given field.</msg>
<arg>css=input[name=email]</arg>
<arg>${email}</arg>
<tag>PageContent</tag>
<tag>Setter</tag>
<doc>Clears and fills the given ``txt`` into the text field found by ``selector``.</doc>
<status status="PASS" start="2024-12-19T22:31:20.094271" elapsed="0.010261"/>
</kw>
<kw name="Fill Text" owner="Browser">
<msg time="2024-12-19T22:31:20.104919" level="INFO">Fills the text 'pwd123' in the given field.</msg>
<arg>css=input[type=password]</arg>
<arg>${senha}</arg>
<tag>PageContent</tag>
<tag>Setter</tag>
<doc>Clears and fills the given ``txt`` into the text field found by ``selector``.</doc>
<status status="PASS" start="2024-12-19T22:31:20.104665" elapsed="0.005082"/>
</kw>
<kw name="Click" owner="Browser">
<msg time="2024-12-19T22:31:20.110105" level="INFO">Clicks the element 'css=button[type=submit]'.</msg>
<arg>css=button[type=submit]</arg>
<tag>PageContent</tag>
<tag>Setter</tag>
<doc>Simulates mouse click on the element found by ``selector``.</doc>
<status status="PASS" start="2024-12-19T22:31:20.109901" elapsed="0.039784"/>
</kw>
<arg>${email}</arg>
<arg>${password}</arg>
<status status="PASS" start="2024-12-19T22:31:20.094096" elapsed="0.055660"/>
</kw>
<kw name="Notice should be" owner="BoxNotice">
<kw name="Set Variable" owner="BuiltIn">
<msg time="2024-12-19T22:31:20.150300" level="INFO">${element} = css=form .notice</msg>
<var>${element}</var>
<arg>css=form .notice</arg>
<doc>Returns the given values which can then be assigned to a variables.</doc>
<status status="PASS" start="2024-12-19T22:31:20.150141" elapsed="0.000186"/>
</kw>
<kw name="Wait For Elements State" owner="Browser">
<msg time="2024-12-19T22:31:20.948084" level="INFO">Waited for Element with selector css=form .notice at state visible</msg>
<arg>${element}</arg>
<arg>visible</arg>
<arg>5</arg>
<tag>PageContent</tag>
<tag>Wait</tag>
<doc>Waits for the element found by ``selector`` to satisfy state option.</doc>
<status status="PASS" start="2024-12-19T22:31:20.150417" elapsed="0.797931"/>
</kw>
<kw name="Get Text" owner="Browser">
<msg time="2024-12-19T22:31:20.965028" level="INFO">Text: 'Os campos email e senha são obrigatórios.'</msg>
<arg>${element}</arg>
<arg>equal</arg>
<arg>${target}</arg>
<tag>Assertion</tag>
<tag>Getter</tag>
<tag>PageContent</tag>
<doc>Returns text attribute of the element found by ``selector``.</doc>
<status status="PASS" start="2024-12-19T22:31:20.948691" elapsed="0.016437"/>
</kw>
<kw name="Take Screenshot" owner="Browser">
<msg time="2024-12-19T22:31:21.043321" level="INFO" html="true">&lt;/td&gt;&lt;/tr&gt;&lt;tr&gt;&lt;td colspan="3"&gt;&lt;a href="browser/screenshot/robotframework-browser-screenshot-7.png" target="_blank"&gt;&lt;img src="browser/screenshot/robotframework-browser-screenshot-7.png" width="800px"/&gt;&lt;/a&gt;</msg>
<tag>PageContent</tag>
<doc>Takes a screenshot of the current window or element and saves it to disk.</doc>
<status status="PASS" start="2024-12-19T22:31:20.965309" elapsed="0.078128"/>
</kw>
<arg>${output_message}</arg>
<status status="PASS" start="2024-12-19T22:31:20.149873" elapsed="0.893653"/>
</kw>
<arg>${EMPTY}</arg>
<arg>pwd123</arg>
<arg>Os campos email e senha são obrigatórios.</arg>
<status status="PASS" start="2024-12-19T22:31:20.067261" elapsed="0.976311"/>
</kw>
<kw name="Login with verify notice">
<kw name="Go to login page" owner="Login">
<kw name="Go To" owner="Browser">
<msg time="2024-12-19T22:31:21.075704" level="INFO">Successfully opened URL http://localhost:3000/login</msg>
<arg>http://localhost:3000/login</arg>
<tag>BrowserControl</tag>
<tag>Setter</tag>
<doc>Navigates to the given ``url``.</doc>
<status status="PASS" start="2024-12-19T22:31:21.044355" elapsed="0.031467"/>
</kw>
<status status="PASS" start="2024-12-19T22:31:21.044202" elapsed="0.031708"/>
</kw>
<kw name="Submit login form" owner="Login">
<kw name="Fill Text" owner="Browser">
<msg time="2024-12-19T22:31:21.076558" level="INFO">Fills the text 'sac@smartbit.com' in the given field.</msg>
<arg>css=input[name=email]</arg>
<arg>${email}</arg>
<tag>PageContent</tag>
<tag>Setter</tag>
<doc>Clears and fills the given ``txt`` into the text field found by ``selector``.</doc>
<status status="PASS" start="2024-12-19T22:31:21.076285" elapsed="0.012064"/>
</kw>
<kw name="Fill Text" owner="Browser">
<msg time="2024-12-19T22:31:21.088841" level="INFO">Fills the text '' in the given field.</msg>
<arg>css=input[type=password]</arg>
<arg>${senha}</arg>
<tag>PageContent</tag>
<tag>Setter</tag>
<doc>Clears and fills the given ``txt`` into the text field found by ``selector``.</doc>
<status status="PASS" start="2024-12-19T22:31:21.088508" elapsed="0.005723"/>
</kw>
<kw name="Click" owner="Browser">
<msg time="2024-12-19T22:31:21.094593" level="INFO">Clicks the element 'css=button[type=submit]'.</msg>
<arg>css=button[type=submit]</arg>
<tag>PageContent</tag>
<tag>Setter</tag>
<doc>Simulates mouse click on the element found by ``selector``.</doc>
<status status="PASS" start="2024-12-19T22:31:21.094351" elapsed="0.038750"/>
</kw>
<arg>${email}</arg>
<arg>${password}</arg>
<status status="PASS" start="2024-12-19T22:31:21.076060" elapsed="0.057134"/>
</kw>
<kw name="Notice should be" owner="BoxNotice">
<kw name="Set Variable" owner="BuiltIn">
<msg time="2024-12-19T22:31:21.133714" level="INFO">${element} = css=form .notice</msg>
<var>${element}</var>
<arg>css=form .notice</arg>
<doc>Returns the given values which can then be assigned to a variables.</doc>
<status status="PASS" start="2024-12-19T22:31:21.133553" elapsed="0.000180"/>
</kw>
<kw name="Wait For Elements State" owner="Browser">
<msg time="2024-12-19T22:31:21.930296" level="INFO">Waited for Element with selector css=form .notice at state visible</msg>
<arg>${element}</arg>
<arg>visible</arg>
<arg>5</arg>
<tag>PageContent</tag>
<tag>Wait</tag>
<doc>Waits for the element found by ``selector`` to satisfy state option.</doc>
<status status="PASS" start="2024-12-19T22:31:21.133828" elapsed="0.796914"/>
</kw>
<kw name="Get Text" owner="Browser">
<msg time="2024-12-19T22:31:21.950904" level="INFO">Text: 'Os campos email e senha são obrigatórios.'</msg>
<arg>${element}</arg>
<arg>equal</arg>
<arg>${target}</arg>
<tag>Assertion</tag>
<tag>Getter</tag>
<tag>PageContent</tag>
<doc>Returns text attribute of the element found by ``selector``.</doc>
<status status="PASS" start="2024-12-19T22:31:21.931256" elapsed="0.019761"/>
</kw>
<kw name="Take Screenshot" owner="Browser">
<msg time="2024-12-19T22:31:22.005535" level="INFO" html="true">&lt;/td&gt;&lt;/tr&gt;&lt;tr&gt;&lt;td colspan="3"&gt;&lt;a href="browser/screenshot/robotframework-browser-screenshot-8.png" target="_blank"&gt;&lt;img src="browser/screenshot/robotframework-browser-screenshot-8.png" width="800px"/&gt;&lt;/a&gt;</msg>
<tag>PageContent</tag>
<doc>Takes a screenshot of the current window or element and saves it to disk.</doc>
<status status="PASS" start="2024-12-19T22:31:21.951236" elapsed="0.054398"/>
</kw>
<arg>${output_message}</arg>
<status status="PASS" start="2024-12-19T22:31:21.133337" elapsed="0.872375"/>
</kw>
<arg>sac@smartbit.com</arg>
<arg>${EMPTY}</arg>
<arg>Os campos email e senha são obrigatórios.</arg>
<status status="PASS" start="2024-12-19T22:31:21.043758" elapsed="0.962004"/>
</kw>
<kw name="Login with verify notice">
<kw name="Go to login page" owner="Login">
<kw name="Go To" owner="Browser">
<msg time="2024-12-19T22:31:22.033723" level="INFO">Successfully opened URL http://localhost:3000/login</msg>
<arg>http://localhost:3000/login</arg>
<tag>BrowserControl</tag>
<tag>Setter</tag>
<doc>Navigates to the given ``url``.</doc>
<status status="PASS" start="2024-12-19T22:31:22.006358" elapsed="0.027492"/>
</kw>
<status status="PASS" start="2024-12-19T22:31:22.006228" elapsed="0.027757"/>
</kw>
<kw name="Submit login form" owner="Login">
<kw name="Fill Text" owner="Browser">
<msg time="2024-12-19T22:31:22.034519" level="INFO">Fills the text 'www.teste.com.br' in the given field.</msg>
<arg>css=input[name=email]</arg>
<arg>${email}</arg>
<tag>PageContent</tag>
<tag>Setter</tag>
<doc>Clears and fills the given ``txt`` into the text field found by ``selector``.</doc>
<status status="PASS" start="2024-12-19T22:31:22.034294" elapsed="0.010049"/>
</kw>
<kw name="Fill Text" owner="Browser">
<msg time="2024-12-19T22:31:22.044800" level="INFO">Fills the text 'pwd123' in the given field.</msg>
<arg>css=input[type=password]</arg>
<arg>${senha}</arg>
<tag>PageContent</tag>
<tag>Setter</tag>
<doc>Clears and fills the given ``txt`` into the text field found by ``selector``.</doc>
<status status="PASS" start="2024-12-19T22:31:22.044467" elapsed="0.004768"/>
</kw>
<kw name="Click" owner="Browser">
<msg time="2024-12-19T22:31:22.049530" level="INFO">Clicks the element 'css=button[type=submit]'.</msg>
<arg>css=button[type=submit]</arg>
<tag>PageContent</tag>
<tag>Setter</tag>
<doc>Simulates mouse click on the element found by ``selector``.</doc>
<status status="PASS" start="2024-12-19T22:31:22.049339" elapsed="0.033299"/>
</kw>
<arg>${email}</arg>
<arg>${password}</arg>
<status status="PASS" start="2024-12-19T22:31:22.034105" elapsed="0.048625"/>
</kw>
<kw name="Notice should be" owner="BoxNotice">
<kw name="Set Variable" owner="BuiltIn">
<msg time="2024-12-19T22:31:22.083115" level="INFO">${element} = css=form .notice</msg>
<var>${element}</var>
<arg>css=form .notice</arg>
<doc>Returns the given values which can then be assigned to a variables.</doc>
<status status="PASS" start="2024-12-19T22:31:22.083046" elapsed="0.000082"/>
</kw>
<kw name="Wait For Elements State" owner="Browser">
<msg time="2024-12-19T22:31:22.878420" level="INFO">Waited for Element with selector css=form .notice at state visible</msg>
<arg>${element}</arg>
<arg>visible</arg>
<arg>5</arg>
<tag>PageContent</tag>
<tag>Wait</tag>
<doc>Waits for the element found by ``selector`` to satisfy state option.</doc>
<status status="PASS" start="2024-12-19T22:31:22.083190" elapsed="0.795453"/>
</kw>
<kw name="Get Text" owner="Browser">
<msg time="2024-12-19T22:31:22.897513" level="INFO">Text: 'Oops! O email informado é inválido'</msg>
<arg>${element}</arg>
<arg>equal</arg>
<arg>${target}</arg>
<tag>Assertion</tag>
<tag>Getter</tag>
<tag>PageContent</tag>
<doc>Returns text attribute of the element found by ``selector``.</doc>
<status status="PASS" start="2024-12-19T22:31:22.878967" elapsed="0.018649"/>
</kw>
<kw name="Take Screenshot" owner="Browser">
<msg time="2024-12-19T22:31:22.956869" level="INFO" html="true">&lt;/td&gt;&lt;/tr&gt;&lt;tr&gt;&lt;td colspan="3"&gt;&lt;a href="browser/screenshot/robotframework-browser-screenshot-9.png" target="_blank"&gt;&lt;img src="browser/screenshot/robotframework-browser-screenshot-9.png" width="800px"/&gt;&lt;/a&gt;</msg>
<tag>PageContent</tag>
<doc>Takes a screenshot of the current window or element and saves it to disk.</doc>
<status status="PASS" start="2024-12-19T22:31:22.897815" elapsed="0.059143"/>
</kw>
<arg>${output_message}</arg>
<status status="PASS" start="2024-12-19T22:31:22.082863" elapsed="0.874166"/>
</kw>
<arg>www.teste.com.br</arg>
<arg>pwd123</arg>
<arg>Oops! O email informado é inválido</arg>
<status status="PASS" start="2024-12-19T22:31:22.005991" elapsed="0.951085"/>
</kw>
<kw name="Login with verify notice">
<kw name="Go to login page" owner="Login">
<kw name="Go To" owner="Browser">
<msg time="2024-12-19T22:31:22.984278" level="INFO">Successfully opened URL http://localhost:3000/login</msg>
<arg>http://localhost:3000/login</arg>
<tag>BrowserControl</tag>
<tag>Setter</tag>
<doc>Navigates to the given ``url``.</doc>
<status status="PASS" start="2024-12-19T22:31:22.957570" elapsed="0.026805"/>
</kw>
<status status="PASS" start="2024-12-19T22:31:22.957444" elapsed="0.027003"/>
</kw>
<kw name="Submit login form" owner="Login">
<kw name="Fill Text" owner="Browser">
<msg time="2024-12-19T22:31:22.985016" level="INFO">Fills the text '123fasdsdfdsad.c' in the given field.</msg>
<arg>css=input[name=email]</arg>
<arg>${email}</arg>
<tag>PageContent</tag>
<tag>Setter</tag>
<doc>Clears and fills the given ``txt`` into the text field found by ``selector``.</doc>
<status status="PASS" start="2024-12-19T22:31:22.984775" elapsed="0.010435"/>
</kw>
<kw name="Fill Text" owner="Browser">
<msg time="2024-12-19T22:31:22.995633" level="INFO">Fills the text 'pwd123' in the given field.</msg>
<arg>css=input[type=password]</arg>
<arg>${senha}</arg>
<tag>PageContent</tag>
<tag>Setter</tag>
<doc>Clears and fills the given ``txt`` into the text field found by ``selector``.</doc>
<status status="PASS" start="2024-12-19T22:31:22.995362" elapsed="0.004971"/>
</kw>
<kw name="Click" owner="Browser">
<msg time="2024-12-19T22:31:23.000618" level="INFO">Clicks the element 'css=button[type=submit]'.</msg>
<arg>css=button[type=submit]</arg>
<tag>PageContent</tag>
<tag>Setter</tag>
<doc>Simulates mouse click on the element found by ``selector``.</doc>
<status status="PASS" start="2024-12-19T22:31:23.000432" elapsed="0.030512"/>
</kw>
<arg>${email}</arg>
<arg>${password}</arg>
<status status="PASS" start="2024-12-19T22:31:22.984570" elapsed="0.046474"/>
</kw>
<kw name="Notice should be" owner="BoxNotice">
<kw name="Set Variable" owner="BuiltIn">
<msg time="2024-12-19T22:31:23.031404" level="INFO">${element} = css=form .notice</msg>
<var>${element}</var>
<arg>css=form .notice</arg>
<doc>Returns the given values which can then be assigned to a variables.</doc>
<status status="PASS" start="2024-12-19T22:31:23.031338" elapsed="0.000078"/>
</kw>
<kw name="Wait For Elements State" owner="Browser">
<msg time="2024-12-19T22:31:23.821510" level="INFO">Waited for Element with selector css=form .notice at state visible</msg>
<arg>${element}</arg>
<arg>visible</arg>
<arg>5</arg>
<tag>PageContent</tag>
<tag>Wait</tag>
<doc>Waits for the element found by ``selector`` to satisfy state option.</doc>
<status status="PASS" start="2024-12-19T22:31:23.031470" elapsed="0.790333"/>
</kw>
<kw name="Get Text" owner="Browser">
<msg time="2024-12-19T22:31:23.841183" level="INFO">Text: 'Oops! O email informado é inválido'</msg>
<arg>${element}</arg>
<arg>equal</arg>
<arg>${target}</arg>
<tag>Assertion</tag>
<tag>Getter</tag>
<tag>PageContent</tag>
<doc>Returns text attribute of the element found by ``selector``.</doc>
<status status="PASS" start="2024-12-19T22:31:23.822152" elapsed="0.019140"/>
</kw>
<kw name="Take Screenshot" owner="Browser">
<msg time="2024-12-19T22:31:23.908184" level="INFO" html="true">&lt;/td&gt;&lt;/tr&gt;&lt;tr&gt;&lt;td colspan="3"&gt;&lt;a href="browser/screenshot/robotframework-browser-screenshot-10.png" target="_blank"&gt;&lt;img src="browser/screenshot/robotframework-browser-screenshot-10.png" width="800px"/&gt;&lt;/a&gt;</msg>
<tag>PageContent</tag>
<doc>Takes a screenshot of the current window or element and saves it to disk.</doc>
<status status="PASS" start="2024-12-19T22:31:23.841494" elapsed="0.066778"/>
</kw>
<arg>${output_message}</arg>
<status status="PASS" start="2024-12-19T22:31:23.031168" elapsed="0.877184"/>
</kw>
<arg>123fasdsdfdsad.c</arg>
<arg>pwd123</arg>
<arg>Oops! O email informado é inválido</arg>
<status status="PASS" start="2024-12-19T22:31:22.957238" elapsed="0.951160"/>
</kw>
<kw name="Login with verify notice">
<kw name="Go to login page" owner="Login">
<kw name="Go To" owner="Browser">
<msg time="2024-12-19T22:31:23.939741" level="INFO">Successfully opened URL http://localhost:3000/login</msg>
<arg>http://localhost:3000/login</arg>
<tag>BrowserControl</tag>
<tag>Setter</tag>
<doc>Navigates to the given ``url``.</doc>
<status status="PASS" start="2024-12-19T22:31:23.908941" elapsed="0.030961"/>
</kw>
<status status="PASS" start="2024-12-19T22:31:23.908814" elapsed="0.031162"/>
</kw>
<kw name="Submit login form" owner="Login">
<kw name="Fill Text" owner="Browser">
<msg time="2024-12-19T22:31:23.940683" level="INFO">Fills the text 'sac$email.com' in the given field.</msg>
<arg>css=input[name=email]</arg>
<arg>${email}</arg>
<tag>PageContent</tag>
<tag>Setter</tag>
<doc>Clears and fills the given ``txt`` into the text field found by ``selector``.</doc>
<status status="PASS" start="2024-12-19T22:31:23.940419" elapsed="0.010189"/>
</kw>
<kw name="Fill Text" owner="Browser">
<msg time="2024-12-19T22:31:23.951151" level="INFO">Fills the text 'pwd123' in the given field.</msg>
<arg>css=input[type=password]</arg>
<arg>${senha}</arg>
<tag>PageContent</tag>
<tag>Setter</tag>
<doc>Clears and fills the given ``txt`` into the text field found by ``selector``.</doc>
<status status="PASS" start="2024-12-19T22:31:23.950786" elapsed="0.005268"/>
</kw>
<kw name="Click" owner="Browser">
<msg time="2024-12-19T22:31:23.956434" level="INFO">Clicks the element 'css=button[type=submit]'.</msg>
<arg>css=button[type=submit]</arg>
<tag>PageContent</tag>
<tag>Setter</tag>
<doc>Simulates mouse click on the element found by ``selector``.</doc>
<status status="PASS" start="2024-12-19T22:31:23.956188" elapsed="0.025887"/>
</kw>
<arg>${email}</arg>
<arg>${password}</arg>
<status status="PASS" start="2024-12-19T22:31:23.940111" elapsed="0.042044"/>
</kw>
<kw name="Notice should be" owner="BoxNotice">
<kw name="Set Variable" owner="BuiltIn">
<msg time="2024-12-19T22:31:23.982541" level="INFO">${element} = css=form .notice</msg>
<var>${element}</var>
<arg>css=form .notice</arg>
<doc>Returns the given values which can then be assigned to a variables.</doc>
<status status="PASS" start="2024-12-19T22:31:23.982472" elapsed="0.000082"/>
</kw>
<kw name="Wait For Elements State" owner="Browser">
<msg time="2024-12-19T22:31:24.777445" level="INFO">Waited for Element with selector css=form .notice at state visible</msg>
<arg>${element}</arg>
<arg>visible</arg>
<arg>5</arg>
<tag>PageContent</tag>
<tag>Wait</tag>
<doc>Waits for the element found by ``selector`` to satisfy state option.</doc>
<status status="PASS" start="2024-12-19T22:31:23.982611" elapsed="0.795072"/>
</kw>
<kw name="Get Text" owner="Browser">
<msg time="2024-12-19T22:31:24.791462" level="INFO">Text: 'Oops! O email informado é inválido'</msg>
<arg>${element}</arg>
<arg>equal</arg>
<arg>${target}</arg>
<tag>Assertion</tag>
<tag>Getter</tag>
<tag>PageContent</tag>
<doc>Returns text attribute of the element found by ``selector``.</doc>
<status status="PASS" start="2024-12-19T22:31:24.778112" elapsed="0.013430"/>
</kw>
<kw name="Take Screenshot" owner="Browser">
<msg time="2024-12-19T22:31:24.857192" level="INFO" html="true">&lt;/td&gt;&lt;/tr&gt;&lt;tr&gt;&lt;td colspan="3"&gt;&lt;a href="browser/screenshot/robotframework-browser-screenshot-11.png" target="_blank"&gt;&lt;img src="browser/screenshot/robotframework-browser-screenshot-11.png" width="800px"/&gt;&lt;/a&gt;</msg>
<tag>PageContent</tag>
<doc>Takes a screenshot of the current window or element and saves it to disk.</doc>
<status status="PASS" start="2024-12-19T22:31:24.791704" elapsed="0.065599"/>
</kw>
<arg>${output_message}</arg>
<status status="PASS" start="2024-12-19T22:31:23.982282" elapsed="0.875111"/>
</kw>
<arg>sac$email.com</arg>
<arg>pwd123</arg>
<arg>Oops! O email informado é inválido</arg>
<status status="PASS" start="2024-12-19T22:31:23.908562" elapsed="0.948873"/>
</kw>
<kw name="Login with verify notice">
<kw name="Go to login page" owner="Login">
<kw name="Go To" owner="Browser">
<msg time="2024-12-19T22:31:24.888375" level="INFO">Successfully opened URL http://localhost:3000/login</msg>
<arg>http://localhost:3000/login</arg>
<tag>BrowserControl</tag>
<tag>Setter</tag>
<doc>Navigates to the given ``url``.</doc>
<status status="PASS" start="2024-12-19T22:31:24.858025" elapsed="0.030455"/>
</kw>
<status status="PASS" start="2024-12-19T22:31:24.857879" elapsed="0.030677"/>
</kw>
<kw name="Submit login form" owner="Login">
<kw name="Fill Text" owner="Browser">
<msg time="2024-12-19T22:31:24.889171" level="INFO">Fills the text 'yahoo.com@&amp;*' in the given field.</msg>
<arg>css=input[name=email]</arg>
<arg>${email}</arg>
<tag>PageContent</tag>
<tag>Setter</tag>
<doc>Clears and fills the given ``txt`` into the text field found by ``selector``.</doc>
<status status="PASS" start="2024-12-19T22:31:24.888918" elapsed="0.010956"/>
</kw>
<kw name="Fill Text" owner="Browser">
<msg time="2024-12-19T22:31:24.900456" level="INFO">Fills the text 'pwd123' in the given field.</msg>
<arg>css=input[type=password]</arg>
<arg>${senha}</arg>
<tag>PageContent</tag>
<tag>Setter</tag>
<doc>Clears and fills the given ``txt`` into the text field found by ``selector``.</doc>
<status status="PASS" start="2024-12-19T22:31:24.900053" elapsed="0.005587"/>
</kw>
<kw name="Click" owner="Browser">
<msg time="2024-12-19T22:31:24.906040" level="INFO">Clicks the element 'css=button[type=submit]'.</msg>
<arg>css=button[type=submit]</arg>
<tag>PageContent</tag>
<tag>Setter</tag>
<doc>Simulates mouse click on the element found by ``selector``.</doc>
<status status="PASS" start="2024-12-19T22:31:24.905793" elapsed="0.026058"/>
</kw>
<arg>${email}</arg>
<arg>${password}</arg>
<status status="PASS" start="2024-12-19T22:31:24.888693" elapsed="0.043223"/>
</kw>
<kw name="Notice should be" owner="BoxNotice">
<kw name="Set Variable" owner="BuiltIn">
<msg time="2024-12-19T22:31:24.932251" level="INFO">${element} = css=form .notice</msg>
<var>${element}</var>
<arg>css=form .notice</arg>
<doc>Returns the given values which can then be assigned to a variables.</doc>
<status status="PASS" start="2024-12-19T22:31:24.932188" elapsed="0.000077"/>
</kw>
<kw name="Wait For Elements State" owner="Browser">
<msg time="2024-12-19T22:31:25.730966" level="INFO">Waited for Element with selector css=form .notice at state visible</msg>
<arg>${element}</arg>
<arg>visible</arg>
<arg>5</arg>
<tag>PageContent</tag>
<tag>Wait</tag>
<doc>Waits for the element found by ``selector`` to satisfy state option.</doc>
<status status="PASS" start="2024-12-19T22:31:24.932321" elapsed="0.799063"/>
</kw>
<kw name="Get Text" owner="Browser">
<msg time="2024-12-19T22:31:25.752729" level="INFO">Text: 'Oops! O email informado é inválido'</msg>
<arg>${element}</arg>
<arg>equal</arg>
<arg>${target}</arg>
<tag>Assertion</tag>
<tag>Getter</tag>
<tag>PageContent</tag>
<doc>Returns text attribute of the element found by ``selector``.</doc>
<status status="PASS" start="2024-12-19T22:31:25.731926" elapsed="0.020890"/>
</kw>
<kw name="Take Screenshot" owner="Browser">
<msg time="2024-12-19T22:31:25.821423" level="INFO" html="true">&lt;/td&gt;&lt;/tr&gt;&lt;tr&gt;&lt;td colspan="3"&gt;&lt;a href="browser/screenshot/robotframework-browser-screenshot-12.png" target="_blank"&gt;&lt;img src="browser/screenshot/robotframework-browser-screenshot-12.png" width="800px"/&gt;&lt;/a&gt;</msg>
<tag>PageContent</tag>
<doc>Takes a screenshot of the current window or element and saves it to disk.</doc>
<status status="PASS" start="2024-12-19T22:31:25.753033" elapsed="0.068480"/>
</kw>
<arg>${output_message}</arg>
<status status="PASS" start="2024-12-19T22:31:24.932023" elapsed="0.889560"/>
</kw>
<arg>yahoo.com@&amp;*</arg>
<arg>pwd123</arg>
<arg>Oops! O email informado é inválido</arg>
<status status="PASS" start="2024-12-19T22:31:24.857633" elapsed="0.963999"/>
</kw>
<kw name="Take Screenshot" owner="Browser" type="TEARDOWN">
<msg time="2024-12-19T22:31:25.869720" level="INFO" html="true">&lt;/td&gt;&lt;/tr&gt;&lt;tr&gt;&lt;td colspan="3"&gt;&lt;a href="browser/screenshot/robotframework-browser-screenshot-13.png" target="_blank"&gt;&lt;img src="browser/screenshot/robotframework-browser-screenshot-13.png" width="800px"/&gt;&lt;/a&gt;</msg>
<tag>PageContent</tag>
<doc>Takes a screenshot of the current window or element and saves it to disk.</doc>
<status status="PASS" start="2024-12-19T22:31:25.821822" elapsed="0.047979"/>
</kw>
<status status="PASS" start="2024-12-19T22:31:18.545635" elapsed="7.324411"/>
</test>
<doc>Cenários de testes do Login SAC</doc>
<status status="FAIL" start="2024-12-19T22:30:59.627431" elapsed="26.293286"/>
</suite>
<suite id="s1-s2" name="Memberships" source="/Users/francilenesilva/Documents/tester/QAx/projects/smartbit-robot/tests/memberships.robot">
<test id="s1-s2-t1" name="Deve poder realizar uma nova adesão" line="10">
<kw name="Start session" owner="Base" type="SETUP">
<kw name="New Browser" owner="Browser">
<msg time="2024-12-19T22:31:25.930206" level="INFO">Switching browser to browser=272750ac-62a5-43d5-b82c-6e6237a299c0</msg>
<msg time="2024-12-19T22:31:25.930743" level="INFO">Successfully changed active browser: browser=272750ac-62a5-43d5-b82c-6e6237a299c0</msg>
<msg time="2024-12-19T22:31:25.930771" level="INFO">Reusing existing browser with id: browser=272750ac-62a5-43d5-b82c-6e6237a299c0</msg>
<arg>browser=chromium</arg>
<arg>headless=False</arg>
<tag>BrowserControl</tag>
<tag>Setter</tag>
<doc>Create a new playwright Browser with specified options.</doc>
<status status="PASS" start="2024-12-19T22:31:25.929972" elapsed="0.000819"/>
</kw>
<kw name="New Page" owner="Browser">
<msg time="2024-12-19T22:31:26.520563" level="INFO">Successfully initialized new page object and opened url: http://localhost:3000/</msg>
<msg time="2024-12-19T22:31:26.520615" level="INFO">No context was open. New context was automatically opened when this page is created.</msg>
<arg>${BASE_URL}</arg>
<tag>BrowserControl</tag>
<tag>Setter</tag>
<doc>Open a new Page.</doc>
<status status="PASS" start="2024-12-19T22:31:25.930868" elapsed="0.589821"/>
</kw>
<status status="PASS" start="2024-12-19T22:31:25.929818" elapsed="0.590939"/>
</kw>
<kw name="Get Json fixture" owner="Base">
<kw name="Load Json From File" owner="JSONLibrary">
<msg time="2024-12-19T22:31:26.521731" level="INFO">${data} = {'create': {'account': {'name': 'Stefania Moraes', 'email': 'fanny@msn.com', 'cpf': '05099284043'}, 'plan': {'name': 'Plano Black', 'id': 2, 'price': 79.99}, 'credit_card': {'number': '424242424242424...</msg>
<var>${data}</var>
<arg>${EXECDIR}/resources/fixtures/${file_name}.json</arg>
<arg>encoding=utf-8</arg>
<doc>Load JSON from file.</doc>
<status status="PASS" start="2024-12-19T22:31:26.521166" elapsed="0.000587"/>
</kw>
<return>
<value>${data}[${scenario}]</value>
<status status="PASS" start="2024-12-19T22:31:26.521800" elapsed="0.000055"/>
</return>
<msg time="2024-12-19T22:31:26.521956" level="INFO">${data} = {'account': {'name': 'Stefania Moraes', 'email': 'fanny@msn.com', 'cpf': '05099284043'}, 'plan': {'name': 'Plano Black', 'id': 2, 'price': 79.99}, 'credit_card': {'number': '4242424242424242', 'holder...</msg>
<var>${data}</var>
<arg>memberships</arg>
<arg>create</arg>
<status status="PASS" start="2024-12-19T22:31:26.520951" elapsed="0.001017"/>
</kw>
<kw name="Delete Account By Email" owner="Database">
<msg time="2024-12-19T22:31:26.531201" level="FAIL">OperationalError: connection to server at "localhost" (::1), port 5432 failed: Connection refused
	Is the server running on that host and accepting TCP/IP connections?
connection to server at "localhost" (127.0.0.1), port 5432 failed: Connection refused
	Is the server running on that host and accepting TCP/IP connections?
</msg>
<arg>${data}[account][email]</arg>
<status status="FAIL" start="2024-12-19T22:31:26.522056" elapsed="0.010030">OperationalError: connection to server at "localhost" (::1), port 5432 failed: Connection refused
	Is the server running on that host and accepting TCP/IP connections?
connection to server at "localhost" (127.0.0.1), port 5432 failed: Connection refused
	Is the server running on that host and accepting TCP/IP connections?
</status>
</kw>
<kw name="Insert Account" owner="Database">
<arg>${data}[account]</arg>
<status status="NOT RUN" start="2024-12-19T22:31:26.532242" elapsed="0.000029"/>
</kw>
<kw name="SignIn admin" owner="Base">
<status status="NOT RUN" start="2024-12-19T22:31:26.532384" elapsed="0.000017"/>
</kw>
<kw name="Go to memberships page" owner="navbar">
<status status="NOT RUN" start="2024-12-19T22:31:26.532477" elapsed="0.000017"/>
</kw>
<kw name="Create new membership" owner="memberships">
<arg>${data}</arg>
<status status="NOT RUN" start="2024-12-19T22:31:26.532562" elapsed="0.000014"/>
</kw>
<kw name="Toast should be" owner="Toast">
<arg>Matrícula cadastrada com sucesso.</arg>
<status status="NOT RUN" start="2024-12-19T22:31:26.532640" elapsed="0.000011"/>
</kw>
<kw name="Take Screenshot" owner="Browser" type="TEARDOWN">
<msg time="2024-12-19T22:31:26.596292" level="INFO" html="true">&lt;/td&gt;&lt;/tr&gt;&lt;tr&gt;&lt;td colspan="3"&gt;&lt;a href="browser/screenshot/robotframework-browser-screenshot-14.png" target="_blank"&gt;&lt;img src="browser/screenshot/robotframework-browser-screenshot-14.png" width="800px"/&gt;&lt;/a&gt;</msg>
<tag>PageContent</tag>
<doc>Takes a screenshot of the current window or element and saves it to disk.</doc>
<status status="PASS" start="2024-12-19T22:31:26.532801" elapsed="0.063583"/>
</kw>
<status status="FAIL" start="2024-12-19T22:31:25.928887" elapsed="0.667602">OperationalError: connection to server at "localhost" (::1), port 5432 failed: Connection refused
	Is the server running on that host and accepting TCP/IP connections?
connection to server at "localhost" (127.0.0.1), port 5432 failed: Connection refused
	Is the server running on that host and accepting TCP/IP connections?
</status>
</test>
<test id="s1-s2-t2" name="Não deve realizar adesão duplicada" line="26">
<kw name="Start session" owner="Base" type="SETUP">
<kw name="New Browser" owner="Browser">
<msg time="2024-12-19T22:31:26.621407" level="INFO">Switching browser to browser=272750ac-62a5-43d5-b82c-6e6237a299c0</msg>
<msg time="2024-12-19T22:31:26.622171" level="INFO">Successfully changed active browser: browser=272750ac-62a5-43d5-b82c-6e6237a299c0</msg>
<msg time="2024-12-19T22:31:26.622224" level="INFO">Reusing existing browser with id: browser=272750ac-62a5-43d5-b82c-6e6237a299c0</msg>
<arg>browser=chromium</arg>
<arg>headless=False</arg>
<tag>BrowserControl</tag>
<tag>Setter</tag>
<doc>Create a new playwright Browser with specified options.</doc>
<status status="PASS" start="2024-12-19T22:31:26.621141" elapsed="0.001117"/>
</kw>
<kw name="New Page" owner="Browser">
<msg time="2024-12-19T22:31:27.187125" level="INFO">Successfully initialized new page object and opened url: http://localhost:3000/</msg>
<msg time="2024-12-19T22:31:27.187254" level="INFO">No context was open. New context was automatically opened when this page is created.</msg>
<arg>${BASE_URL}</arg>
<tag>BrowserControl</tag>
<tag>Setter</tag>
<doc>Open a new Page.</doc>
<status status="PASS" start="2024-12-19T22:31:26.622397" elapsed="0.564999"/>
</kw>
<status status="PASS" start="2024-12-19T22:31:26.620960" elapsed="0.566595"/>
</kw>
<kw name="Get Json fixture" owner="Base">
<kw name="Load Json From File" owner="JSONLibrary">
<msg time="2024-12-19T22:31:27.189007" level="INFO">${data} = {'create': {'account': {'name': 'Stefania Moraes', 'email': 'fanny@msn.com', 'cpf': '05099284043'}, 'plan': {'name': 'Plano Black', 'id': 2, 'price': 79.99}, 'credit_card': {'number': '424242424242424...</msg>
<var>${data}</var>
<arg>${EXECDIR}/resources/fixtures/${file_name}.json</arg>
<arg>encoding=utf-8</arg>
<doc>Load JSON from file.</doc>
<status status="PASS" start="2024-12-19T22:31:27.188424" elapsed="0.000614"/>
</kw>
<return>
<value>${data}[${scenario}]</value>
<status status="PASS" start="2024-12-19T22:31:27.189113" elapsed="0.000062"/>
</return>
<msg time="2024-12-19T22:31:27.189313" level="INFO">${data} = {'account': {'name': 'Ana Matos', 'email': 'ana@msn.com', 'cpf': '22978502045'}, 'plan': {'name': 'Plano Smart', 'id': 1, 'price': 99.99}, 'credit_card': {'number': '4242424242424242', 'holder': 'Ana ...</msg>
<var>${data}</var>
<arg>memberships</arg>
<arg>duplicate</arg>
<status status="PASS" start="2024-12-19T22:31:27.188026" elapsed="0.001312"/>
</kw>
<kw name="Insert Membership" owner="Database">
<msg time="2024-12-19T22:31:27.190737" level="FAIL">OperationalError: connection to server at "localhost" (::1), port 5432 failed: Connection refused
	Is the server running on that host and accepting TCP/IP connections?
connection to server at "localhost" (127.0.0.1), port 5432 failed: Connection refused
	Is the server running on that host and accepting TCP/IP connections?
</msg>
<arg>${data}</arg>
<status status="FAIL" start="2024-12-19T22:31:27.189576" elapsed="0.001696">OperationalError: connection to server at "localhost" (::1), port 5432 failed: Connection refused
	Is the server running on that host and accepting TCP/IP connections?
connection to server at "localhost" (127.0.0.1), port 5432 failed: Connection refused
	Is the server running on that host and accepting TCP/IP connections?
</status>
</kw>
<kw name="SignIn admin" owner="Base">
<status status="NOT RUN" start="2024-12-19T22:31:27.191470" elapsed="0.000026"/>
</kw>
<kw name="Go to memberships page" owner="navbar">
<status status="NOT RUN" start="2024-12-19T22:31:27.191609" elapsed="0.000021"/>
</kw>
<kw name="Create new membership" owner="memberships">
<arg>${data}</arg>
<status status="NOT RUN" start="2024-12-19T22:31:27.191740" elapsed="0.000020"/>
</kw>
<kw name="Toast should be" owner="Toast">
<arg>O usuário já possui matrícula.</arg>
<status status="NOT RUN" start="2024-12-19T22:31:27.191869" elapsed="0.000018"/>
</kw>
<kw name="Take Screenshot" owner="Browser" type="TEARDOWN">
<msg time="2024-12-19T22:31:27.268910" level="INFO" html="true">&lt;/td&gt;&lt;/tr&gt;&lt;tr&gt;&lt;td colspan="3"&gt;&lt;a href="browser/screenshot/robotframework-browser-screenshot-15.png" target="_blank"&gt;&lt;img src="browser/screenshot/robotframework-browser-screenshot-15.png" width="800px"/&gt;&lt;/a&gt;</msg>
<tag>PageContent</tag>
<doc>Takes a screenshot of the current window or element and saves it to disk.</doc>
<status status="PASS" start="2024-12-19T22:31:27.192090" elapsed="0.076912"/>
</kw>
<tag>dup</tag>
<status status="FAIL" start="2024-12-19T22:31:26.619833" elapsed="0.649279">OperationalError: connection to server at "localhost" (::1), port 5432 failed: Connection refused
	Is the server running on that host and accepting TCP/IP connections?
connection to server at "localhost" (127.0.0.1), port 5432 failed: Connection refused
	Is the server running on that host and accepting TCP/IP connections?
</status>
</test>
<test id="s1-s2-t3" name="Deve buscar por nome" line="39">
<kw name="Start session" owner="Base" type="SETUP">
<kw name="New Browser" owner="Browser">
<msg time="2024-12-19T22:31:27.293725" level="INFO">Switching browser to browser=272750ac-62a5-43d5-b82c-6e6237a299c0</msg>
<msg time="2024-12-19T22:31:27.294522" level="INFO">Successfully changed active browser: browser=272750ac-62a5-43d5-b82c-6e6237a299c0</msg>
<msg time="2024-12-19T22:31:27.294576" level="INFO">Reusing existing browser with id: browser=272750ac-62a5-43d5-b82c-6e6237a299c0</msg>
<arg>browser=chromium</arg>
<arg>headless=False</arg>
<tag>BrowserControl</tag>
<tag>Setter</tag>
<doc>Create a new playwright Browser with specified options.</doc>
<status status="PASS" start="2024-12-19T22:31:27.293440" elapsed="0.001166"/>
</kw>
<kw name="New Page" owner="Browser">
<msg time="2024-12-19T22:31:27.870588" level="INFO">Successfully initialized new page object and opened url: http://localhost:3000/</msg>
<msg time="2024-12-19T22:31:27.870640" level="INFO">No context was open. New context was automatically opened when this page is created.</msg>
<arg>${BASE_URL}</arg>
<tag>BrowserControl</tag>
<tag>Setter</tag>
<doc>Open a new Page.</doc>
<status status="PASS" start="2024-12-19T22:31:27.294709" elapsed="0.576003"/>
</kw>
<status status="PASS" start="2024-12-19T22:31:27.293294" elapsed="0.577490"/>
</kw>
<kw name="Get Json fixture" owner="Base">
<kw name="Load Json From File" owner="JSONLibrary">
<msg time="2024-12-19T22:31:27.871974" level="INFO">${data} = {'create': {'account': {'name': 'Stefania Moraes', 'email': 'fanny@msn.com', 'cpf': '05099284043'}, 'plan': {'name': 'Plano Black', 'id': 2, 'price': 79.99}, 'credit_card': {'number': '424242424242424...</msg>
<var>${data}</var>
<arg>${EXECDIR}/resources/fixtures/${file_name}.json</arg>
<arg>encoding=utf-8</arg>
<doc>Load JSON from file.</doc>
<status status="PASS" start="2024-12-19T22:31:27.871472" elapsed="0.000536"/>
</kw>
<return>
<value>${data}[${scenario}]</value>
<status status="PASS" start="2024-12-19T22:31:27.872084" elapsed="0.000052"/>
</return>
<msg time="2024-12-19T22:31:27.872282" level="INFO">${data} = {'account': {'name': 'Louise Cobalsk', 'email': 'louise@msn.com', 'cpf': '85494024008'}, 'plan': {'name': 'Plano Smart', 'id': 1, 'price': 99.99}, 'credit_card': {'number': '4242424242424242', 'holder...</msg>
<var>${data}</var>
<arg>memberships</arg>
<arg>search</arg>
<status status="PASS" start="2024-12-19T22:31:27.871108" elapsed="0.001197"/>
</kw>
<kw name="Insert Membership" owner="Database">
<msg time="2024-12-19T22:31:27.873383" level="FAIL">OperationalError: connection to server at "localhost" (::1), port 5432 failed: Connection refused
	Is the server running on that host and accepting TCP/IP connections?
connection to server at "localhost" (127.0.0.1), port 5432 failed: Connection refused
	Is the server running on that host and accepting TCP/IP connections?
</msg>
<arg>${data}</arg>
<status status="FAIL" start="2024-12-19T22:31:27.872464" elapsed="0.001149">OperationalError: connection to server at "localhost" (::1), port 5432 failed: Connection refused
	Is the server running on that host and accepting TCP/IP connections?
connection to server at "localhost" (127.0.0.1), port 5432 failed: Connection refused
	Is the server running on that host and accepting TCP/IP connections?
</status>
</kw>
<kw name="SignIn admin" owner="Base">
<status status="NOT RUN" start="2024-12-19T22:31:27.873763" elapsed="0.000021"/>
</kw>
<kw name="Go to memberships page" owner="navbar">
<status status="NOT RUN" start="2024-12-19T22:31:27.873866" elapsed="0.000017"/>
</kw>
<kw name="Search by name" owner="memberships">
<arg>${data}[account][name]</arg>
<status status="NOT RUN" start="2024-12-19T22:31:27.873954" elapsed="0.000012"/>
</kw>
<kw name="Should filter by name" owner="memberships">
<arg>${data}[account][name]</arg>
<status status="NOT RUN" start="2024-12-19T22:31:27.874026" elapsed="0.000011"/>
</kw>
<kw name="Take Screenshot" owner="Browser" type="TEARDOWN">
<msg time="2024-12-19T22:31:27.958731" level="INFO" html="true">&lt;/td&gt;&lt;/tr&gt;&lt;tr&gt;&lt;td colspan="3"&gt;&lt;a href="browser/screenshot/robotframework-browser-screenshot-16.png" target="_blank"&gt;&lt;img src="browser/screenshot/robotframework-browser-screenshot-16.png" width="800px"/&gt;&lt;/a&gt;</msg>
<tag>PageContent</tag>
<doc>Takes a screenshot of the current window or element and saves it to disk.</doc>
<status status="PASS" start="2024-12-19T22:31:27.874179" elapsed="0.084645"/>
</kw>
<tag>busc</tag>
<status status="FAIL" start="2024-12-19T22:31:27.292256" elapsed="0.666665">OperationalError: connection to server at "localhost" (::1), port 5432 failed: Connection refused
	Is the server running on that host and accepting TCP/IP connections?
connection to server at "localhost" (127.0.0.1), port 5432 failed: Connection refused
	Is the server running on that host and accepting TCP/IP connections?
</status>
</test>
<test id="s1-s2-t4" name="Deve excluir uma matrícula" line="51">
<kw name="Start session" owner="Base" type="SETUP">
<kw name="New Browser" owner="Browser">
<msg time="2024-12-19T22:31:27.996462" level="INFO">Switching browser to browser=272750ac-62a5-43d5-b82c-6e6237a299c0</msg>
<msg time="2024-12-19T22:31:27.997015" level="INFO">Successfully changed active browser: browser=272750ac-62a5-43d5-b82c-6e6237a299c0</msg>
<msg time="2024-12-19T22:31:27.997041" level="INFO">Reusing existing browser with id: browser=272750ac-62a5-43d5-b82c-6e6237a299c0</msg>
<arg>browser=chromium</arg>
<arg>headless=False</arg>
<tag>BrowserControl</tag>
<tag>Setter</tag>
<doc>Create a new playwright Browser with specified options.</doc>
<status status="PASS" start="2024-12-19T22:31:27.996230" elapsed="0.000835"/>
</kw>
<kw name="New Page" owner="Browser">
<msg time="2024-12-19T22:31:28.627248" level="INFO">Successfully initialized new page object and opened url: http://localhost:3000/</msg>
<msg time="2024-12-19T22:31:28.627305" level="INFO">No context was open. New context was automatically opened when this page is created.</msg>
<arg>${BASE_URL}</arg>
<tag>BrowserControl</tag>
<tag>Setter</tag>
<doc>Open a new Page.</doc>
<status status="PASS" start="2024-12-19T22:31:27.997167" elapsed="0.630219"/>
</kw>
<status status="PASS" start="2024-12-19T22:31:27.996089" elapsed="0.631374"/>
</kw>
<kw name="Get Json fixture" owner="Base">
<kw name="Load Json From File" owner="JSONLibrary">
<msg time="2024-12-19T22:31:28.628210" level="INFO">${data} = {'create': {'account': {'name': 'Stefania Moraes', 'email': 'fanny@msn.com', 'cpf': '05099284043'}, 'plan': {'name': 'Plano Black', 'id': 2, 'price': 79.99}, 'credit_card': {'number': '424242424242424...</msg>
<var>${data}</var>
<arg>${EXECDIR}/resources/fixtures/${file_name}.json</arg>
<arg>encoding=utf-8</arg>
<doc>Load JSON from file.</doc>
<status status="PASS" start="2024-12-19T22:31:28.627930" elapsed="0.000294"/>
</kw>
<return>
<value>${data}[${scenario}]</value>
<status status="PASS" start="2024-12-19T22:31:28.628258" elapsed="0.000033"/>
</return>
<msg time="2024-12-19T22:31:28.628372" level="INFO">${data} = {'account': {'name': 'Jean Paul', 'email': 'paul@jean.com', 'cpf': '85494024008'}, 'plan': {'name': 'Plano Black', 'id': 2, 'price': 99.99}, 'credit_card': {'number': '4242424242424242', 'holder': 'Je...</msg>
<var>${data}</var>
<arg>memberships</arg>
<arg>remove</arg>
<status status="PASS" start="2024-12-19T22:31:28.627733" elapsed="0.000650"/>
</kw>
<kw name="Insert Membership" owner="Database">
<msg time="2024-12-19T22:31:28.629080" level="FAIL">OperationalError: connection to server at "localhost" (::1), port 5432 failed: Connection refused
	Is the server running on that host and accepting TCP/IP connections?
connection to server at "localhost" (127.0.0.1), port 5432 failed: Connection refused
	Is the server running on that host and accepting TCP/IP connections?
</msg>
<arg>${data}</arg>
<status status="FAIL" start="2024-12-19T22:31:28.628469" elapsed="0.000873">OperationalError: connection to server at "localhost" (::1), port 5432 failed: Connection refused
	Is the server running on that host and accepting TCP/IP connections?
connection to server at "localhost" (127.0.0.1), port 5432 failed: Connection refused
	Is the server running on that host and accepting TCP/IP connections?
</status>
</kw>
<kw name="SignIn admin" owner="Base">
<status status="NOT RUN" start="2024-12-19T22:31:28.629516" elapsed="0.000023"/>
</kw>
<kw name="Go to memberships page" owner="navbar">
<status status="NOT RUN" start="2024-12-19T22:31:28.629628" elapsed="0.000018"/>
</kw>
<kw name="Requeste removal by name" owner="memberships">
<arg>${data}[account][name]</arg>
<status status="NOT RUN" start="2024-12-19T22:31:28.629712" elapsed="0.000013"/>
</kw>
<kw name="Confirm removal" owner="modal">
<status status="NOT RUN" start="2024-12-19T22:31:28.629796" elapsed="0.000012"/>
</kw>
<kw name="Membership should not be visible" owner="memberships">
<arg>${data}[account][name]</arg>
<status status="NOT RUN" start="2024-12-19T22:31:28.629864" elapsed="0.000012"/>
</kw>
<kw name="Toast should be" owner="Toast">
<arg>Matrícula removida com sucesso.</arg>
<status status="NOT RUN" start="2024-12-19T22:31:28.629942" elapsed="0.000012"/>
</kw>
<kw name="Take Screenshot" owner="Browser" type="TEARDOWN">
<msg time="2024-12-19T22:31:28.696867" level="INFO" html="true">&lt;/td&gt;&lt;/tr&gt;&lt;tr&gt;&lt;td colspan="3"&gt;&lt;a href="browser/screenshot/robotframework-browser-screenshot-17.png" target="_blank"&gt;&lt;img src="browser/screenshot/robotframework-browser-screenshot-17.png" width="800px"/&gt;&lt;/a&gt;</msg>
<tag>PageContent</tag>
<doc>Takes a screenshot of the current window or element and saves it to disk.</doc>
<status status="PASS" start="2024-12-19T22:31:28.630121" elapsed="0.066843"/>
</kw>
<tag>remove</tag>
<status status="FAIL" start="2024-12-19T22:31:27.995087" elapsed="0.701963">OperationalError: connection to server at "localhost" (::1), port 5432 failed: Connection refused
	Is the server running on that host and accepting TCP/IP connections?
connection to server at "localhost" (127.0.0.1), port 5432 failed: Connection refused
	Is the server running on that host and accepting TCP/IP connections?
</status>
</test>
<doc>Suite de testes de adesões de planos</doc>
<status status="FAIL" start="2024-12-19T22:31:25.922826" elapsed="2.797990"/>
</suite>
<suite id="s1-s3" name="Signup-Test-Old" source="/Users/francilenesilva/Documents/tester/QAx/projects/smartbit-robot/tests/signup-test-old.robot">
<test id="s1-s3-t1" name="Deve iniciar o cadastro do cliente" line="10">
<kw name="Start session" owner="Base" type="SETUP">
<kw name="New Browser" owner="Browser">
<msg time="2024-12-19T22:31:28.729636" level="INFO">Switching browser to browser=272750ac-62a5-43d5-b82c-6e6237a299c0</msg>
<msg time="2024-12-19T22:31:28.730152" level="INFO">Successfully changed active browser: browser=272750ac-62a5-43d5-b82c-6e6237a299c0</msg>
<msg time="2024-12-19T22:31:28.730179" level="INFO">Reusing existing browser with id: browser=272750ac-62a5-43d5-b82c-6e6237a299c0</msg>
<arg>browser=chromium</arg>
<arg>headless=False</arg>
<tag>BrowserControl</tag>
<tag>Setter</tag>
<doc>Create a new playwright Browser with specified options.</doc>
<status status="PASS" start="2024-12-19T22:31:28.729419" elapsed="0.000781"/>
</kw>
<kw name="New Page" owner="Browser">
<msg time="2024-12-19T22:31:29.383248" level="INFO">Successfully initialized new page object and opened url: http://localhost:3000/</msg>
<msg time="2024-12-19T22:31:29.383348" level="INFO">No context was open. New context was automatically opened when this page is created.</msg>
<arg>${BASE_URL}</arg>
<tag>BrowserControl</tag>
<tag>Setter</tag>
<doc>Open a new Page.</doc>
<status status="PASS" start="2024-12-19T22:31:28.730269" elapsed="0.653190"/>
</kw>
<status status="PASS" start="2024-12-19T22:31:28.729288" elapsed="0.654262"/>
</kw>
<kw name="Get Fake Account" owner="Account">
<msg time="2024-12-19T22:31:29.384472" level="INFO">${account} = {'name': 'Sra. Cecilia Souza', 'email': 'ealves@example.net', 'cpf': '087.436.529-56'}</msg>
<var>${account}</var>
<status status="PASS" start="2024-12-19T22:31:29.383789" elapsed="0.000719"/>
</kw>
<kw name="Submit signup form" owner="LandingPage">
<kw name="Get Text" owner="Browser">
<msg time="2024-12-19T22:31:29.410474" level="INFO">Text: 'Faça seu cadastro e venha para a Smartbit!'</msg>
<arg>css=#signup h2</arg>
<arg>equal</arg>
<arg>Faça seu cadastro e venha para a Smartbit!</arg>
<tag>Assertion</tag>
<tag>Getter</tag>
<tag>PageContent</tag>
<doc>Returns text attribute of the element found by ``selector``.</doc>
<status status="PASS" start="2024-12-19T22:31:29.385012" elapsed="0.025530"/>
</kw>
<kw name="Fill Text" owner="Browser">
<msg time="2024-12-19T22:31:29.410943" level="INFO">Fills the text 'Sra. Cecilia Souza' in the given field.</msg>
<arg>id=name</arg>
<arg>${account}[name]</arg>
<tag>PageContent</tag>
<tag>Setter</tag>
<doc>Clears and fills the given ``txt`` into the text field found by ``selector``.</doc>
<status status="PASS" start="2024-12-19T22:31:29.410666" elapsed="0.006748"/>
</kw>
<kw name="Fill Text" owner="Browser">
<msg time="2024-12-19T22:31:29.417743" level="INFO">Fills the text 'ealves@example.net' in the given field.</msg>
<arg>id=email</arg>
<arg>${account}[email]</arg>
<tag>PageContent</tag>
<tag>Setter</tag>
<doc>Clears and fills the given ``txt`` into the text field found by ``selector``.</doc>
<status status="PASS" start="2024-12-19T22:31:29.417518" elapsed="0.047542"/>
</kw>
<kw name="Fill Text" owner="Browser">
<msg time="2024-12-19T22:31:29.465432" level="INFO">Fills the text '087.436.529-56' in the given field.</msg>
<arg>id=cpf</arg>
<arg>${account}[cpf]</arg>
<tag>PageContent</tag>
<tag>Setter</tag>
<doc>Clears and fills the given ``txt`` into the text field found by ``selector``.</doc>
<status status="PASS" start="2024-12-19T22:31:29.465183" elapsed="0.006569"/>
</kw>
<kw name="Click" owner="Browser">
<msg time="2024-12-19T22:31:29.472645" level="INFO">Clicks the element 'css=button &gt;&gt; text=Cadastrar'.</msg>
<arg>css=button &gt;&gt; text=Cadastrar</arg>
<tag>PageContent</tag>
<tag>Setter</tag>
<doc>Simulates mouse click on the element found by ``selector``.</doc>
<status status="PASS" start="2024-12-19T22:31:29.472172" elapsed="0.194021"/>
</kw>
<kw name="Take Screenshot" owner="Browser">
<msg time="2024-12-19T22:31:29.815964" level="INFO" html="true">&lt;/td&gt;&lt;/tr&gt;&lt;tr&gt;&lt;td colspan="3"&gt;&lt;a href="browser/screenshot/robotframework-browser-screenshot-18.png" target="_blank"&gt;&lt;img src="browser/screenshot/robotframework-browser-screenshot-18.png" width="800px"/&gt;&lt;/a&gt;</msg>
<tag>PageContent</tag>
<doc>Takes a screenshot of the current window or element and saves it to disk.</doc>
<status status="PASS" start="2024-12-19T22:31:29.666325" elapsed="0.149717"/>
</kw>
<arg>${account}</arg>
<status status="PASS" start="2024-12-19T22:31:29.384756" elapsed="0.431353"/>
</kw>
<kw name="Verify welcome message" owner="WelcomePage">
<kw name="Wait For Elements State" owner="Browser">
<msg time="2024-12-19T22:31:34.910566" level="INFO" html="true">&lt;/td&gt;&lt;/tr&gt;&lt;tr&gt;&lt;td colspan="3"&gt;&lt;a href="browser/screenshot/fail-screenshot-2.png" target="_blank"&gt;&lt;img src="browser/screenshot/fail-screenshot-2.png" width="800px"/&gt;&lt;/a&gt;</msg>
<msg time="2024-12-19T22:31:34.910669" level="INFO">See also file:///Users/francilenesilva/Documents/tester/QAx/projects/smartbit-robot/logs/playwright-log.txt for additional details.</msg>
<msg time="2024-12-19T22:31:34.910767" level="FAIL">TimeoutError: locator.waitFor: Timeout 5000ms exceeded.
Call log:
  [2m- waiting for locator('text=Falta pouco para fazer parte da família Smartbit!') to be visible[22m

Tip: Use "Set Browser Timeout" for increasing the timeout or double check your locator as the targeted element(s) couldn't be found.</msg>
<arg>text=Falta pouco para fazer parte da família Smartbit!</arg>
<arg>visible</arg>
<arg>5</arg>
<tag>PageContent</tag>
<tag>Wait</tag>
<doc>Waits for the element found by ``selector`` to satisfy state option.</doc>
<status status="FAIL" start="2024-12-19T22:31:29.816374" elapsed="5.094938">TimeoutError: locator.waitFor: Timeout 5000ms exceeded.
Call log:
  [2m- waiting for locator('text=Falta pouco para fazer parte da família Smartbit!') to be visible[22m

Tip: Use "Set Browser Timeout" for increasing the timeout or double check your locator as the targeted element(s) couldn't be found.</status>
</kw>
<status status="FAIL" start="2024-12-19T22:31:29.816240" elapsed="5.095191">TimeoutError: locator.waitFor: Timeout 5000ms exceeded.
Call log:
  [2m- waiting for locator('text=Falta pouco para fazer parte da família Smartbit!') to be visible[22m

Tip: Use "Set Browser Timeout" for increasing the timeout or double check your locator as the targeted element(s) couldn't be found.</status>
</kw>
<kw name="Take Screenshot" owner="Browser" type="TEARDOWN">
<msg time="2024-12-19T22:31:34.986423" level="INFO" html="true">&lt;/td&gt;&lt;/tr&gt;&lt;tr&gt;&lt;td colspan="3"&gt;&lt;a href="browser/screenshot/robotframework-browser-screenshot-19.png" target="_blank"&gt;&lt;img src="browser/screenshot/robotframework-browser-screenshot-19.png" width="800px"/&gt;&lt;/a&gt;</msg>
<tag>PageContent</tag>
<doc>Takes a screenshot of the current window or element and saves it to disk.</doc>
<status status="PASS" start="2024-12-19T22:31:34.911656" elapsed="0.074847"/>
</kw>
<status status="FAIL" start="2024-12-19T22:31:28.728373" elapsed="6.258215">TimeoutError: locator.waitFor: Timeout 5000ms exceeded.
Call log:
  [2m- waiting for locator('text=Falta pouco para fazer parte da família Smartbit!') to be visible[22m

Tip: Use "Set Browser Timeout" for increasing the timeout or double check your locator as the targeted element(s) couldn't be found.</status>
</test>
<test id="s1-s3-t2" name="Tentativa de pre-cadastro" line="97">
<kw name="Start session" owner="Base" type="SETUP">
<kw name="New Browser" owner="Browser">
<msg time="2024-12-19T22:31:35.023073" level="INFO">Switching browser to browser=272750ac-62a5-43d5-b82c-6e6237a299c0</msg>
<msg time="2024-12-19T22:31:35.023656" level="INFO">Successfully changed active browser: browser=272750ac-62a5-43d5-b82c-6e6237a299c0</msg>
<msg time="2024-12-19T22:31:35.023685" level="INFO">Reusing existing browser with id: browser=272750ac-62a5-43d5-b82c-6e6237a299c0</msg>
<arg>browser=chromium</arg>
<arg>headless=False</arg>
<tag>BrowserControl</tag>
<tag>Setter</tag>
<doc>Create a new playwright Browser with specified options.</doc>
<status status="PASS" start="2024-12-19T22:31:35.022836" elapsed="0.000870"/>
</kw>
<kw name="New Page" owner="Browser">
<msg time="2024-12-19T22:31:35.614651" level="INFO">Successfully initialized new page object and opened url: http://localhost:3000/</msg>
<msg time="2024-12-19T22:31:35.614725" level="INFO">No context was open. New context was automatically opened when this page is created.</msg>
<arg>${BASE_URL}</arg>
<tag>BrowserControl</tag>
<tag>Setter</tag>
<doc>Open a new Page.</doc>
<status status="PASS" start="2024-12-19T22:31:35.023780" elapsed="0.591182"/>
</kw>
<status status="PASS" start="2024-12-19T22:31:35.022694" elapsed="0.592467"/>
</kw>
<kw name="Attempt signup">
<kw name="Create Dictionary" owner="BuiltIn">
<msg time="2024-12-19T22:31:35.616786" level="INFO">${account} = {'name': '', 'email': 'fran@teste.com', 'cpf': '53986172149'}</msg>
<var>${account}</var>
<arg>name=${name}</arg>
<arg>email=${email}</arg>
<arg>cpf=${cpf}</arg>
<doc>Creates and returns a dictionary based on the given ``items``.</doc>
<status status="PASS" start="2024-12-19T22:31:35.616265" elapsed="0.000549"/>
</kw>
<kw name="Submit signup form" owner="LandingPage">
<kw name="Get Text" owner="Browser">
<msg time="2024-12-19T22:31:35.644797" level="INFO">Text: 'Faça seu cadastro e venha para a Smartbit!'</msg>
<arg>css=#signup h2</arg>
<arg>equal</arg>
<arg>Faça seu cadastro e venha para a Smartbit!</arg>
<tag>Assertion</tag>
<tag>Getter</tag>
<tag>PageContent</tag>
<doc>Returns text attribute of the element found by ``selector``.</doc>
<status status="PASS" start="2024-12-19T22:31:35.617215" elapsed="0.027666"/>
</kw>
[...]
<msg time="2024-12-19T22:31:41.150921" level="INFO">Text: 'Por favor, informe o seu CPF'</msg>
<arg>${element}</arg>
<arg>equal</arg>
<arg>${target}</arg>
<tag>Assertion</tag>
<tag>Getter</tag>
<tag>PageContent</tag>
<doc>Returns text attribute of the element found by ``selector``.</doc>
<status status="PASS" start="2024-12-19T22:31:41.140386" elapsed="0.010638"/>
</kw>
<kw name="Take Screenshot" owner="Browser">
<msg time="2024-12-19T22:31:41.223723" level="INFO" html="true">&lt;/td&gt;&lt;/tr&gt;&lt;tr&gt;&lt;td colspan="3"&gt;&lt;a href="browser/screenshot/robotframework-browser-screenshot-37.png" target="_blank"&gt;&lt;img src="browser/screenshot/robotframework-browser-screenshot-37.png" width="800px"/&gt;&lt;/a&gt;</msg>
<tag>PageContent</tag>
<doc>Takes a screenshot of the current window or element and saves it to disk.</doc>
<status status="PASS" start="2024-12-19T22:31:41.151250" elapsed="0.072559"/>
</kw>
<arg>${output_message}</arg>
<status status="PASS" start="2024-12-19T22:31:40.853162" elapsed="0.370721"/>
</kw>
<arg>Pedro Europeu</arg>
<arg>pedro@teste.com</arg>
<arg>${EMPTY}</arg>
<arg>Por favor, informe o seu CPF</arg>
<status status="PASS" start="2024-12-19T22:31:40.697541" elapsed="0.526378"/>
</kw>
<kw name="Attempt signup">
<kw name="Create Dictionary" owner="BuiltIn">
<msg time="2024-12-19T22:31:41.224395" level="INFO">${account} = {'name': 'Thomas Silva', 'email': 'thomas**teste.com', 'cpf': '09752979025'}</msg>
<var>${account}</var>
<arg>name=${name}</arg>
<arg>email=${email}</arg>
<arg>cpf=${cpf}</arg>
<doc>Creates and returns a dictionary based on the given ``items``.</doc>
<status status="PASS" start="2024-12-19T22:31:41.224256" elapsed="0.000159"/>
</kw>
<kw name="Submit signup form" owner="LandingPage">
<kw name="Get Text" owner="Browser">
<msg time="2024-12-19T22:31:41.229575" level="INFO">Text: 'Faça seu cadastro e venha para a Smartbit!'</msg>
<arg>css=#signup h2</arg>
<arg>equal</arg>
<arg>Faça seu cadastro e venha para a Smartbit!</arg>
<tag>Assertion</tag>
<tag>Getter</tag>
<tag>PageContent</tag>
<doc>Returns text attribute of the element found by ``selector``.</doc>
<status status="PASS" start="2024-12-19T22:31:41.224606" elapsed="0.005021"/>
</kw>
<kw name="Fill Text" owner="Browser">
<msg time="2024-12-19T22:31:41.229946" level="INFO">Fills the text 'Thomas Silva' in the given field.</msg>
<arg>id=name</arg>
<arg>${account}[name]</arg>
<tag>PageContent</tag>
<tag>Setter</tag>
<doc>Clears and fills the given ``txt`` into the text field found by ``selector``.</doc>
<status status="PASS" start="2024-12-19T22:31:41.229730" elapsed="0.003957"/>
</kw>
<kw name="Fill Text" owner="Browser">
<msg time="2024-12-19T22:31:41.233995" level="INFO">Fills the text 'thomas**teste.com' in the given field.</msg>
<arg>id=email</arg>
<arg>${account}[email]</arg>
<tag>PageContent</tag>
<tag>Setter</tag>
<doc>Clears and fills the given ``txt`` into the text field found by ``selector``.</doc>
<status status="PASS" start="2024-12-19T22:31:41.233779" elapsed="0.013085"/>
</kw>
<kw name="Fill Text" owner="Browser">
<msg time="2024-12-19T22:31:41.247292" level="INFO">Fills the text '09752979025' in the given field.</msg>
<arg>id=cpf</arg>
<arg>${account}[cpf]</arg>
<tag>PageContent</tag>
<tag>Setter</tag>
<doc>Clears and fills the given ``txt`` into the text field found by ``selector``.</doc>
<status status="PASS" start="2024-12-19T22:31:41.247013" elapsed="0.004400"/>
</kw>
<kw name="Click" owner="Browser">
<msg time="2024-12-19T22:31:41.252134" level="INFO">Clicks the element 'css=button &gt;&gt; text=Cadastrar'.</msg>
<arg>css=button &gt;&gt; text=Cadastrar</arg>
<tag>PageContent</tag>
<tag>Setter</tag>
<doc>Simulates mouse click on the element found by ``selector``.</doc>
<status status="PASS" start="2024-12-19T22:31:41.251772" elapsed="0.028889"/>
</kw>
<kw name="Take Screenshot" owner="Browser">
<msg time="2024-12-19T22:31:41.345516" level="INFO" html="true">&lt;/td&gt;&lt;/tr&gt;&lt;tr&gt;&lt;td colspan="3"&gt;&lt;a href="browser/screenshot/robotframework-browser-screenshot-38.png" target="_blank"&gt;&lt;img src="browser/screenshot/robotframework-browser-screenshot-38.png" width="800px"/&gt;&lt;/a&gt;</msg>
<tag>PageContent</tag>
<doc>Takes a screenshot of the current window or element and saves it to disk.</doc>
<status status="PASS" start="2024-12-19T22:31:41.280795" elapsed="0.064793"/>
</kw>
<arg>${account}</arg>
<status status="PASS" start="2024-12-19T22:31:41.224494" elapsed="0.121148"/>
</kw>
<kw name="Notice should be" owner="BoxNotice">
<kw name="Set Variable" owner="BuiltIn">
<msg time="2024-12-19T22:31:41.345944" level="INFO">${element} = css=form .notice</msg>
<var>${element}</var>
<arg>css=form .notice</arg>
<doc>Returns the given values which can then be assigned to a variables.</doc>
<status status="PASS" start="2024-12-19T22:31:41.345889" elapsed="0.000065"/>
</kw>
<kw name="Wait For Elements State" owner="Browser">
<msg time="2024-12-19T22:31:41.631613" level="INFO">Waited for Element with selector css=form .notice at state visible</msg>
<arg>${element}</arg>
<arg>visible</arg>
<arg>5</arg>
<tag>PageContent</tag>
<tag>Wait</tag>
<doc>Waits for the element found by ``selector`` to satisfy state option.</doc>
<status status="PASS" start="2024-12-19T22:31:41.346007" elapsed="0.286058"/>
</kw>
<kw name="Get Text" owner="Browser">
<msg time="2024-12-19T22:31:41.642783" level="INFO">Text: 'Oops! O email informado é inválido'</msg>
<arg>${element}</arg>
<arg>equal</arg>
<arg>${target}</arg>
<tag>Assertion</tag>
<tag>Getter</tag>
<tag>PageContent</tag>
<doc>Returns text attribute of the element found by ``selector``.</doc>
<status status="PASS" start="2024-12-19T22:31:41.632678" elapsed="0.010226"/>
</kw>
<kw name="Take Screenshot" owner="Browser">
<msg time="2024-12-19T22:31:41.731106" level="INFO" html="true">&lt;/td&gt;&lt;/tr&gt;&lt;tr&gt;&lt;td colspan="3"&gt;&lt;a href="browser/screenshot/robotframework-browser-screenshot-39.png" target="_blank"&gt;&lt;img src="browser/screenshot/robotframework-browser-screenshot-39.png" width="800px"/&gt;&lt;/a&gt;</msg>
<tag>PageContent</tag>
<doc>Takes a screenshot of the current window or element and saves it to disk.</doc>
<status status="PASS" start="2024-12-19T22:31:41.643162" elapsed="0.088025"/>
</kw>
<arg>${output_message}</arg>
<status status="PASS" start="2024-12-19T22:31:41.345741" elapsed="0.385517"/>
</kw>
<arg>Thomas Silva</arg>
<arg>thomas**teste.com</arg>
<arg>09752979025</arg>
<arg>Oops! O email informado é inválido</arg>
<status status="PASS" start="2024-12-19T22:31:41.224057" elapsed="0.507234"/>
</kw>
<kw name="Attempt signup">
<kw name="Create Dictionary" owner="BuiltIn">
<msg time="2024-12-19T22:31:41.731804" level="INFO">${account} = {'name': 'Cecilia Europeu', 'email': 'ceci@email.com', 'cpf': '515*'}</msg>
<var>${account}</var>
<arg>name=${name}</arg>
<arg>email=${email}</arg>
<arg>cpf=${cpf}</arg>
<doc>Creates and returns a dictionary based on the given ``items``.</doc>
<status status="PASS" start="2024-12-19T22:31:41.731654" elapsed="0.000163"/>
</kw>
<kw name="Submit signup form" owner="LandingPage">
<kw name="Get Text" owner="Browser">
<msg time="2024-12-19T22:31:41.738555" level="INFO">Text: 'Faça seu cadastro e venha para a Smartbit!'</msg>
<arg>css=#signup h2</arg>
<arg>equal</arg>
<arg>Faça seu cadastro e venha para a Smartbit!</arg>
<tag>Assertion</tag>
<tag>Getter</tag>
<tag>PageContent</tag>
<doc>Returns text attribute of the element found by ``selector``.</doc>
<status status="PASS" start="2024-12-19T22:31:41.732023" elapsed="0.006587"/>
</kw>
<kw name="Fill Text" owner="Browser">
<msg time="2024-12-19T22:31:41.738944" level="INFO">Fills the text 'Cecilia Europeu' in the given field.</msg>
<arg>id=name</arg>
<arg>${account}[name]</arg>
<tag>PageContent</tag>
<tag>Setter</tag>
<doc>Clears and fills the given ``txt`` into the text field found by ``selector``.</doc>
<status status="PASS" start="2024-12-19T22:31:41.738710" elapsed="0.012057"/>
</kw>
<kw name="Fill Text" owner="Browser">
<msg time="2024-12-19T22:31:41.751185" level="INFO">Fills the text 'ceci@email.com' in the given field.</msg>
<arg>id=email</arg>
<arg>${account}[email]</arg>
<tag>PageContent</tag>
<tag>Setter</tag>
<doc>Clears and fills the given ``txt`` into the text field found by ``selector``.</doc>
<status status="PASS" start="2024-12-19T22:31:41.750910" elapsed="0.004377"/>
</kw>
<kw name="Fill Text" owner="Browser">
<msg time="2024-12-19T22:31:41.755695" level="INFO">Fills the text '515*' in the given field.</msg>
<arg>id=cpf</arg>
<arg>${account}[cpf]</arg>
<tag>PageContent</tag>
<tag>Setter</tag>
<doc>Clears and fills the given ``txt`` into the text field found by ``selector``.</doc>
<status status="PASS" start="2024-12-19T22:31:41.755392" elapsed="0.005021"/>
</kw>
<kw name="Click" owner="Browser">
<msg time="2024-12-19T22:31:41.760883" level="INFO">Clicks the element 'css=button &gt;&gt; text=Cadastrar'.</msg>
<arg>css=button &gt;&gt; text=Cadastrar</arg>
<tag>PageContent</tag>
<tag>Setter</tag>
<doc>Simulates mouse click on the element found by ``selector``.</doc>
<status status="PASS" start="2024-12-19T22:31:41.760538" elapsed="0.046507"/>
</kw>
<kw name="Take Screenshot" owner="Browser">
<msg time="2024-12-19T22:31:41.884593" level="INFO" html="true">&lt;/td&gt;&lt;/tr&gt;&lt;tr&gt;&lt;td colspan="3"&gt;&lt;a href="browser/screenshot/robotframework-browser-screenshot-40.png" target="_blank"&gt;&lt;img src="browser/screenshot/robotframework-browser-screenshot-40.png" width="800px"/&gt;&lt;/a&gt;</msg>
<tag>PageContent</tag>
<doc>Takes a screenshot of the current window or element and saves it to disk.</doc>
<status status="PASS" start="2024-12-19T22:31:41.807198" elapsed="0.077470"/>
</kw>
<arg>${account}</arg>
<status status="PASS" start="2024-12-19T22:31:41.731902" elapsed="0.152836"/>
</kw>
<kw name="Notice should be" owner="BoxNotice">
<kw name="Set Variable" owner="BuiltIn">
<msg time="2024-12-19T22:31:41.885081" level="INFO">${element} = css=form .notice</msg>
<var>${element}</var>
<arg>css=form .notice</arg>
<doc>Returns the given values which can then be assigned to a variables.</doc>
<status status="PASS" start="2024-12-19T22:31:41.885018" elapsed="0.000078"/>
</kw>
<kw name="Wait For Elements State" owner="Browser">
<msg time="2024-12-19T22:31:42.172461" level="INFO">Waited for Element with selector css=form .notice at state visible</msg>
<arg>${element}</arg>
<arg>visible</arg>
<arg>5</arg>
<tag>PageContent</tag>
<tag>Wait</tag>
<doc>Waits for the element found by ``selector`` to satisfy state option.</doc>
<status status="PASS" start="2024-12-19T22:31:41.885155" elapsed="0.287759"/>
</kw>
<kw name="Get Text" owner="Browser">
<msg time="2024-12-19T22:31:42.184963" level="INFO">Text: 'Oops! O CPF informado é inválido'</msg>
<arg>${element}</arg>
<arg>equal</arg>
<arg>${target}</arg>
<tag>Assertion</tag>
<tag>Getter</tag>
<tag>PageContent</tag>
<doc>Returns text attribute of the element found by ``selector``.</doc>
<status status="PASS" start="2024-12-19T22:31:42.173391" elapsed="0.011678"/>
</kw>
<kw name="Take Screenshot" owner="Browser">
<msg time="2024-12-19T22:31:42.263326" level="INFO" html="true">&lt;/td&gt;&lt;/tr&gt;&lt;tr&gt;&lt;td colspan="3"&gt;&lt;a href="browser/screenshot/robotframework-browser-screenshot-41.png" target="_blank"&gt;&lt;img src="browser/screenshot/robotframework-browser-screenshot-41.png" width="800px"/&gt;&lt;/a&gt;</msg>
<tag>PageContent</tag>
<doc>Takes a screenshot of the current window or element and saves it to disk.</doc>
<status status="PASS" start="2024-12-19T22:31:42.185279" elapsed="0.078196"/>
</kw>
<arg>${output_message}</arg>
<status status="PASS" start="2024-12-19T22:31:41.884853" elapsed="0.378806"/>
</kw>
<arg>Cecilia Europeu</arg>
<arg>ceci@email.com</arg>
<arg>515*</arg>
<arg>Oops! O CPF informado é inválido</arg>
<status status="PASS" start="2024-12-19T22:31:41.731449" elapsed="0.532254"/>
</kw>
<kw name="Take Screenshot" owner="Browser" type="TEARDOWN">
<msg time="2024-12-19T22:31:42.334312" level="INFO" html="true">&lt;/td&gt;&lt;/tr&gt;&lt;tr&gt;&lt;td colspan="3"&gt;&lt;a href="browser/screenshot/robotframework-browser-screenshot-42.png" target="_blank"&gt;&lt;img src="browser/screenshot/robotframework-browser-screenshot-42.png" width="800px"/&gt;&lt;/a&gt;</msg>
<tag>PageContent</tag>
<doc>Takes a screenshot of the current window or element and saves it to disk.</doc>
<status status="PASS" start="2024-12-19T22:31:42.263946" elapsed="0.070460"/>
</kw>
<status status="PASS" start="2024-12-19T22:31:38.996237" elapsed="3.338280"/>
</test>
<doc>Cenários de testes de pré-cadastro de clientes</doc>
<status status="FAIL" start="2024-12-19T22:31:38.299997" elapsed="4.059619"/>
</suite>
<suite id="s1-s5" name="Slogan-Test" source="/Users/francilenesilva/Documents/tester/QAx/projects/smartbit-robot/tests/slogan-test.robot">
<test id="s1-s5-t1" name="Deve exibir o Slogan na Landing Page" line="10">
<kw name="New Browser" owner="Browser">
<msg time="2024-12-19T22:31:42.364273" level="INFO">Switching browser to browser=272750ac-62a5-43d5-b82c-6e6237a299c0</msg>
<msg time="2024-12-19T22:31:42.364840" level="INFO">Successfully changed active browser: browser=272750ac-62a5-43d5-b82c-6e6237a299c0</msg>
<msg time="2024-12-19T22:31:42.364887" level="INFO">Reusing existing browser with id: browser=272750ac-62a5-43d5-b82c-6e6237a299c0</msg>
<arg>browser=chromium</arg>
<arg>headless=False</arg>
<tag>BrowserControl</tag>
<tag>Setter</tag>
<doc>Create a new playwright Browser with specified options.</doc>
<status status="PASS" start="2024-12-19T22:31:42.364026" elapsed="0.000882"/>
</kw>
<kw name="New Page" owner="Browser">
<msg time="2024-12-19T22:31:42.964200" level="INFO">Successfully initialized new page object and opened url: http://localhost:3000/</msg>
<msg time="2024-12-19T22:31:42.964305" level="INFO">No context was open. New context was automatically opened when this page is created.</msg>
<arg>${BASE_URL}</arg>
<tag>BrowserControl</tag>
<tag>Setter</tag>
<doc>Open a new Page.</doc>
<status status="PASS" start="2024-12-19T22:31:42.364994" elapsed="0.599419"/>
</kw>
<kw name="Get Text" owner="Browser">
<msg time="2024-12-19T22:31:42.987689" level="INFO">Text: 'Sua Jornada Fitness Começa aqui!'</msg>
<arg>css=.headline h2</arg>
<arg>equal</arg>
<arg>Sua Jornada Fitness Começa aqui!</arg>
<tag>Assertion</tag>
<tag>Getter</tag>
<tag>PageContent</tag>
<doc>Returns text attribute of the element found by ``selector``.</doc>
<status status="PASS" start="2024-12-19T22:31:42.964585" elapsed="0.023185"/>
</kw>
<kw name="Sleep" owner="BuiltIn">
<msg time="2024-12-19T22:31:47.988807" level="INFO">Slept 5 seconds.</msg>
<arg>5</arg>
<doc>Pauses the test executed for the given time.</doc>
<status status="PASS" start="2024-12-19T22:31:42.987948" elapsed="5.001274"/>
</kw>
<status status="PASS" start="2024-12-19T22:31:42.363249" elapsed="5.626700"/>
</test>
<doc>Teste para verificar o Slogan na SmartBit WebApp</doc>
<status status="PASS" start="2024-12-19T22:31:42.361188" elapsed="5.677215"/>
</suite>
<suite id="s1-s6" name="Teste" source="/Users/francilenesilva/Documents/tester/QAx/projects/smartbit-robot/tests/teste.robot">
<test id="s1-s6-t1" name="Preencher e Enviar Numero de Telefone" line="10">
<kw name="Open Browser">
<msg time="2024-12-19T22:31:48.042225" level="FAIL">No keyword with name 'Open Browser' found.</msg>
<arg>${URL}</arg>
<arg>${BROWSER}</arg>
<status status="FAIL" start="2024-12-19T22:31:48.042209" elapsed="0.000035">No keyword with name 'Open Browser' found.</status>
</kw>
<kw name="Maximize Browser Window">
<status status="NOT RUN" start="2024-12-19T22:31:48.042309" elapsed="0.000006"/>
</kw>
<kw name="Wait Until Element Is Visible">
<arg>css=input[type=text]</arg>
<arg>10</arg>
<status status="NOT RUN" start="2024-12-19T22:31:48.042356" elapsed="0.000004"/>
</kw>
<kw name="Input Text">
<arg>css=input[type=text]</arg>
<arg>${TELEFONE}</arg>
<status status="NOT RUN" start="2024-12-19T22:31:48.042392" elapsed="0.000005"/>
</kw>
<kw name="Click Button">
<arg>css=button[type=submit]</arg>
<status status="NOT RUN" start="2024-12-19T22:31:48.042428" elapsed="0.000005"/>
</kw>
<kw name="Wait Until Element Is Visible">
<arg>xpath=//iframe[contains(@title, 'desktop')]</arg>
<arg>20</arg>
<status status="NOT RUN" start="2024-12-19T22:31:48.042464" elapsed="0.000004"/>
</kw>
<kw name="Select Frame">
<arg>xpath=//iframe[contains(@title, 'desktop')]</arg>
<status status="NOT RUN" start="2024-12-19T22:31:48.042498" elapsed="0.000004"/>
</kw>
<kw name="Wait Until Element Is Visible">
<arg>xpath=//div[contains(@class, 'option')]//div[2]</arg>
<arg>10</arg>
<status status="NOT RUN" start="2024-12-19T22:31:48.042531" elapsed="0.000003"/>
</kw>
<kw name="Click Element">
<arg>xpath=//div[contains(@class, 'option')]//div[2]</arg>
<status status="NOT RUN" start="2024-12-19T22:31:48.042564" elapsed="0.000004"/>
</kw>
<kw name="Wait Until Element Is Visible">
<arg>xpath=//div[contains(@class, 'action-list-container')]//div[1]</arg>
<arg>10</arg>
<status status="NOT RUN" start="2024-12-19T22:31:48.042603" elapsed="0.000004"/>
</kw>
<kw name="Click Element">
<arg>xpath=//div[contains(@class, 'action-list-container')]//div[1]</arg>
<status status="NOT RUN" start="2024-12-19T22:31:48.042632" elapsed="0.000004"/>
</kw>
<kw name="Wait Until Element Is Visible">
<arg>xpath=//div[contains(@class, 'box')][2]</arg>
<arg>10</arg>
<status status="NOT RUN" start="2024-12-19T22:31:48.042662" elapsed="0.000003"/>
</kw>
<kw name="Click Element">
<arg>xpath=//div[contains(@class, 'box')][2]</arg>
<status status="NOT RUN" start="2024-12-19T22:31:48.042703" elapsed="0.000004"/>
</kw>
<kw name="Click Element">
<status status="NOT RUN" start="2024-12-19T22:31:48.042844" elapsed="0.000005"/>
</kw>
<doc>Abre a página, insere o número de telefone e clica no botão "ir".</doc>
<status status="FAIL" start="2024-12-19T22:31:48.041768" elapsed="0.001147">No keyword with name 'Open Browser' found.</status>
</test>
<status status="FAIL" start="2024-12-19T22:31:48.040479" elapsed="0.002534"/>
</suite>
<status status="FAIL" start="2024-12-19T22:30:59.614304" elapsed="48.428874"/>
</suite>
<statistics>
<total>
<stat pass="6" fail="8" skip="0">All Tests</stat>
</total>
<tag>
<stat pass="0" fail="1" skip="0">busc</stat>
<stat pass="0" fail="1" skip="0">dup</stat>
<stat pass="1" fail="0" skip="0">inv_email</stat>
<stat pass="1" fail="0" skip="0">inv_user</stat>
<stat pass="0" fail="1" skip="0">remove</stat>
<stat pass="0" fail="1" skip="0">smoke</stat>
</tag>
<suite>
<stat pass="6" fail="8" skip="0" id="s1" name="Tests">Tests</stat>
<stat pass="3" fail="1" skip="0" id="s1-s1" name="Login">Tests.Login</stat>
<stat pass="0" fail="4" skip="0" id="s1-s2" name="Memberships">Tests.Memberships</stat>
<stat pass="1" fail="1" skip="0" id="s1-s3" name="Signup-Test-Old">Tests.Signup-Test-Old</stat>
<stat pass="1" fail="1" skip="0" id="s1-s4" name="Signup-Test-Template">Tests.Signup-Test-Template</stat>
<stat pass="1" fail="0" skip="0" id="s1-s5" name="Slogan-Test">Tests.Slogan-Test</stat>
<stat pass="0" fail="1" skip="0" id="s1-s6" name="Teste">Tests.Teste</stat>
</suite>
</statistics>
<errors>
<msg time="2024-12-19T22:31:48.041597" level="ERROR">Error in file '/Users/francilenesilva/Documents/tester/QAx/projects/smartbit-robot/tests/teste.robot' on line 2: Importing library 'SeleniumLibrary' failed: ModuleNotFoundError: No module named 'SeleniumLibrary'
Traceback (most recent call last):
  None
PYTHONPATH:
  /Users/francilenesilva/Documents/tester/QAx/projects/smartbit-robot/venv/bin
  /Library/Frameworks/Python.framework/Versions/3.12/lib/python312.zip
  /Library/Frameworks/Python.framework/Versions/3.12/lib/python3.12
  /Library/Frameworks/Python.framework/Versions/3.12/lib/python3.12/lib-dynload
  /Users/francilenesilva/Documents/tester/QAx/projects/smartbit-robot/venv/lib/python3.12/site-packages</msg>
</errors>
</robot>
